#
# A fatal error has been detected by the Java Runtime Environment:
#
#  EXCEPTION_ACCESS_VIOLATION (0xc0000005) at pc=0x000000006a720bf2, pid=3168, tid=0x00000000000015fc
#
# JRE version: Java(TM) SE Runtime Environment (8.0_202-b08) (build 1.8.0_202-b08)
# Java VM: Java HotSpot(TM) 64-Bit Server VM (25.202-b08 mixed mode windows-amd64 compressed oops)
# Problematic frame:
# V  [jvm.dll+0xb0bf2]
#
# Failed to write core dump. Minidumps are not enabled by default on client versions of Windows
#
# If you would like to submit a bug report, please visit:
#   http://bugreport.java.com/bugreport/crash.jsp
#

---------------  T H R E A D  ---------------

Current thread (0x000000005758b800):  VMThread [stack: 0x00000000584f0000,0x00000000585f0000] [id=5628]

siginfo: ExceptionCode=0xc0000005, reading address 0x00000000000000e8

Registers:
RAX=0x0000000000000000, RBX=0x00000000dda88810, RCX=0x0000000016c52bd8, RDX=0x00000000dda88810
RSP=0x00000000585ef188, RBP=0x00000000000083b0, RSI=0x0000000057588f40, RDI=0x00000000f7e13690
R8 =0x0000000000000000, R9 =0x0000000016c52bd8, R10=0x0000001c16c00208, R11=0x00000000fc1c3eb8
R12=0x000000005758a920, R13=0x0000000000000005, R14=0x0000000000000000, R15=0x0000000058939bf0
RIP=0x000000006a720bf2, EFLAGS=0x0000000000010246

Top of Stack: (sp=0x00000000585ef188)
0x00000000585ef188:   000000006aa744f2 0000000000000009
0x00000000585ef198:   0000000000000003 0000000057588f40
0x00000000585ef1a8:   0000000000000000 00000000fc1c1b30
0x00000000585ef1b8:   000000006aa74c3b 00000000585ef210
0x00000000585ef1c8:   0000000000000000 0000000000000000
0x00000000585ef1d8:   0000000058939801 000000005758a920
0x00000000585ef1e8:   000000006aa74860 00000000fc1c3e48
0x00000000585ef1f8:   00000000000083b0 0000000057588f40
0x00000000585ef208:   00000000f7e13690 00000000fc1c3e48
0x00000000585ef218:   000000006aa75235 00000000dda096d8
0x00000000585ef228:   00000000000083b0 0000000057588f40
0x00000000585ef238:   000000006aa74771 00000000dc1a4748
0x00000000585ef248:   0000000000000007 0000000057588f40
0x00000000585ef258:   000000a200000000 00000000fbd81b30
0x00000000585ef268:   0000000000001000 0000000000000000
0x00000000585ef278:   0000000000000000 0000000000000000 

Instructions: (pc=0x000000006a720bf2)
0x000000006a720bd2:   e2 49 8d 0c 11 49 f7 d1 48 03 c1 49 c1 e9 03 48
0x000000006a720be2:   c1 e8 03 41 23 c1 c3 48 8b 02 48 8b d1 49 8b c9
0x000000006a720bf2:   48 ff a0 e8 00 00 00 cc cc cc cc cc cc cc 80 3d
0x000000006a720c02:   3a 5d 76 00 00 48 8b c1 74 1b 8b 51 08 8b 0d 53 


Register to memory mapping:

RAX=0x0000000000000000 is an unknown value
RBX=0x00000000dda88810 is an oop

[error occurred during error reporting (printing register info), id 0xc0000005]

Stack: [0x00000000584f0000,0x00000000585f0000],  sp=0x00000000585ef188,  free space=1020k
Native frames: (J=compiled Java code, j=interpreted, Vv=VM code, C=native code)
V  [jvm.dll+0xb0bf2]

VM_Operation (0x000000006060e9a0): ParallelGCFailedAllocation, mode: safepoint, requested by thread 0x000000005bdf3000


---------------  P R O C E S S  ---------------

Java Threads: ( => current thread )
  0x000000005c16c800 JavaThread "qtp911991103-20" [_thread_blocked, id=2612, stack(0x0000000060a00000,0x0000000060b00000)]
  0x000000005ee63800 JavaThread "qtp911991103-19" [_thread_blocked, id=3592, stack(0x00000000607b0000,0x00000000608b0000)]
  0x000000005ba17800 JavaThread "qtp911991103-18" [_thread_blocked, id=6020, stack(0x0000000060620000,0x0000000060720000)]
  0x000000005a460800 JavaThread "qtp911991103-17" [_thread_blocked, id=1924, stack(0x0000000060410000,0x0000000060510000)]
  0x000000005bdf3000 JavaThread "qtp911991103-16" [_thread_blocked, id=3416, stack(0x0000000060510000,0x0000000060610000)]
  0x0000000059a85800 JavaThread "qtp911991103-15" [_thread_blocked, id=4032, stack(0x0000000059260000,0x0000000059360000)]
  0x000000005bbd3800 JavaThread "qtp911991103-14" [_thread_blocked, id=6072, stack(0x000000005b780000,0x000000005b880000)]
  0x00000000597b5800 JavaThread "qtp911991103-13" [_thread_blocked, id=5724, stack(0x000000005b380000,0x000000005b480000)]
  0x00000000588c6800 JavaThread "Service Thread" daemon [_thread_blocked, id=5476, stack(0x00000000594c0000,0x00000000595c0000)]
  0x00000000575fc000 JavaThread "C1 CompilerThread2" daemon [_thread_blocked, id=2992, stack(0x00000000593c0000,0x00000000594c0000)]
  0x00000000575f7000 JavaThread "C2 CompilerThread1" daemon [_thread_blocked, id=4316, stack(0x0000000059110000,0x0000000059210000)]
  0x0000000058842800 JavaThread "C2 CompilerThread0" daemon [_thread_blocked, id=4016, stack(0x0000000058cd0000,0x0000000058dd0000)]
  0x00000000575f4800 JavaThread "Attach Listener" daemon [_thread_blocked, id=5096, stack(0x0000000058f00000,0x0000000059000000)]
  0x00000000575f3000 JavaThread "Signal Dispatcher" daemon [_thread_blocked, id=5732, stack(0x0000000058dd0000,0x0000000058ed0000)]
  0x00000000575da800 JavaThread "Finalizer" daemon [_thread_blocked, id=5196, stack(0x0000000058600000,0x0000000058700000)]
  0x00000000575d3000 JavaThread "Reference Handler" daemon [_thread_blocked, id=5572, stack(0x0000000058740000,0x0000000058840000)]
  0x000000000215f000 JavaThread "main" [_thread_blocked, id=3112, stack(0x00000000024a0000,0x00000000025a0000)]

Other Threads:
=>0x000000005758b800 VMThread [stack: 0x00000000584f0000,0x00000000585f0000] [id=5628]
  0x0000000058903000 WatcherThread [stack: 0x0000000059660000,0x0000000059760000] [id=1984]

VM state:at safepoint (normal execution)

VM Mutex/Monitor currently owned by a thread:  ([mutex/lock_event])
[0x000000000215d530] Threads_lock - owner thread: 0x000000005758b800
[0x000000000215da30] Heap_lock - owner thread: 0x000000005bdf3000

heap address: 0x0000000081a00000, size: 2022 MB, Compressed Oops mode: 32-bit
Narrow klass base: 0x0000000000000000, Narrow klass shift: 0
Compressed class space size: 1073741824 Address: 0x0000000016c00000

Heap:
 PSYoungGen      total 548864K, used 499619K [0x00000000d5e00000, 0x00000000ffc80000, 0x0000000100000000)
  eden space 416256K, 100% used [0x00000000d5e00000,0x00000000ef480000,0x00000000ef480000)
  from space 132608K, 62% used [0x00000000ef480000,0x00000000f45e8f68,0x00000000f7600000)
  to   space 129536K, 53% used [0x00000000f7e00000,0x00000000fc1c9b30,0x00000000ffc80000)
 ParOldGen       total 301568K, used 177886K [0x0000000081a00000, 0x0000000094080000, 0x00000000d5e00000)
  object space 301568K, 58% used [0x0000000081a00000,0x000000008c7b79c8,0x0000000094080000)
 Metaspace       used 27912K, capacity 28440K, committed 28800K, reserved 1075200K
  class space    used 2999K, capacity 3167K, committed 3200K, reserved 1048576K

Card table byte_map: [0x0000000011c30000,0x0000000012030000] byte_map_base: 0x0000000011823000

Marking Bits: (ParMarkBitMap*) 0x000000006ae95ce0
 Begin Bits: [0x00000000128d0000, 0x0000000014868000)
 End Bits:   [0x0000000014868000, 0x0000000016800000)

Polling page: 0x0000000001b50000

CodeCache: size=245760Kb used=27345Kb max_used=27524Kb free=218414Kb
 bounds [0x0000000002870000, 0x0000000004380000, 0x0000000011870000]
 total_blobs=7205 nmethods=6820 adapters=297
 compilation: enabled

Compilation events (10 events):
Event: 35.778 Thread 0x00000000575f7000 nmethod 10291 0x0000000003e91a50 code [0x0000000003e91ba0, 0x0000000003e91ec8]
Event: 35.784 Thread 0x0000000058842800 10292   !   4       sun.security.x509.X509CertImpl::getSubjectDN (27 bytes)
Event: 35.785 Thread 0x0000000058842800 nmethod 10292 0x00000000037c3690 code [0x00000000037c37e0, 0x00000000037c38c8]
Event: 35.793 Thread 0x00000000575f7000 10293   !   4       sun.security.jca.GetInstance::getInstance (130 bytes)
Event: 35.809 Thread 0x00000000575f7000 nmethod 10293 0x0000000003fb6590 code [0x0000000003fb6780, 0x0000000003fb6fe0]
Event: 35.831 Thread 0x0000000058842800 10294   !   4       java.util.jar.JarVerifier::processEntry (528 bytes)
Event: 36.072 Thread 0x00000000575f7000 10295       4       sun.security.util.DerInputBuffer::getBigInteger (114 bytes)
Event: 36.088 Thread 0x00000000575f7000 nmethod 10295 0x00000000038913d0 code [0x0000000003891560, 0x0000000003892158]
Event: 36.088 Thread 0x00000000575f7000 10296       4       java.math.BigInteger::<init> (81 bytes)
Event: 36.096 Thread 0x00000000575f7000 nmethod 10296 0x0000000002b70690 code [0x0000000002b707e0, 0x0000000002b70cf8]

GC Heap History (10 events):
Event: 33.401 GC heap after
Heap after GC invocations=28 (full 3):
 PSYoungGen      total 538112K, used 83836K [0x00000000d5e00000, 0x00000000ffb00000, 0x0000000100000000)
  eden space 394752K, 0% used [0x00000000d5e00000,0x00000000d5e00000,0x00000000edf80000)
  from space 143360K, 58% used [0x00000000edf80000,0x00000000f315f378,0x00000000f6b80000)
  to   space 140800K, 0% used [0x00000000f7180000,0x00000000f7180000,0x00000000ffb00000)
 ParOldGen       total 301568K, used 168083K [0x0000000081a00000, 0x0000000094080000, 0x00000000d5e00000)
  object space 301568K, 55% used [0x0000000081a00000,0x000000008be24cd0,0x0000000094080000)
 Metaspace       used 27912K, capacity 28440K, committed 28800K, reserved 1075200K
  class space    used 2998K, capacity 3167K, committed 3200K, reserved 1048576K
}
Event: 33.799 GC heap before
{Heap before GC invocations=29 (full 3):
 PSYoungGen      total 538112K, used 478588K [0x00000000d5e00000, 0x00000000ffb00000, 0x0000000100000000)
  eden space 394752K, 100% used [0x00000000d5e00000,0x00000000edf80000,0x00000000edf80000)
  from space 143360K, 58% used [0x00000000edf80000,0x00000000f315f378,0x00000000f6b80000)
  to   space 140800K, 0% used [0x00000000f7180000,0x00000000f7180000,0x00000000ffb00000)
 ParOldGen       total 301568K, used 168092K [0x0000000081a00000, 0x0000000094080000, 0x00000000d5e00000)
  object space 301568K, 55% used [0x0000000081a00000,0x000000008be27338,0x0000000094080000)
 Metaspace       used 27912K, capacity 28440K, committed 28800K, reserved 1075200K
  class space    used 2998K, capacity 3167K, committed 3200K, reserved 1048576K
Event: 33.929 GC heap after
Heap after GC invocations=29 (full 3):
 PSYoungGen      total 543232K, used 83089K [0x00000000d5e00000, 0x00000000ff780000, 0x0000000100000000)
  eden space 406016K, 0% used [0x00000000d5e00000,0x00000000d5e00000,0x00000000eea80000)
  from space 137216K, 60% used [0x00000000f7180000,0x00000000fc2a4518,0x00000000ff780000)
  to   space 137728K, 0% used [0x00000000eea80000,0x00000000eea80000,0x00000000f7100000)
 ParOldGen       total 301568K, used 169922K [0x0000000081a00000, 0x0000000094080000, 0x00000000d5e00000)
  object space 301568K, 56% used [0x0000000081a00000,0x000000008bff0878,0x0000000094080000)
 Metaspace       used 27912K, capacity 28440K, committed 28800K, reserved 1075200K
  class space    used 2998K, capacity 3167K, committed 3200K, reserved 1048576K
}
Event: 34.346 GC heap before
{Heap before GC invocations=30 (full 3):
 PSYoungGen      total 543232K, used 489105K [0x00000000d5e00000, 0x00000000ff780000, 0x0000000100000000)
  eden space 406016K, 100% used [0x00000000d5e00000,0x00000000eea80000,0x00000000eea80000)
  from space 137216K, 60% used [0x00000000f7180000,0x00000000fc2a4518,0x00000000ff780000)
  to   space 137728K, 0% used [0x00000000eea80000,0x00000000eea80000,0x00000000f7100000)
 ParOldGen       total 301568K, used 169922K [0x0000000081a00000, 0x0000000094080000, 0x00000000d5e00000)
  object space 301568K, 56% used [0x0000000081a00000,0x000000008bff0878,0x0000000094080000)
 Metaspace       used 27912K, capacity 28440K, committed 28800K, reserved 1075200K
  class space    used 2999K, capacity 3167K, committed 3200K, reserved 1048576K
Event: 34.481 GC heap after
Heap after GC invocations=30 (full 3):
 PSYoungGen      total 543744K, used 86466K [0x00000000d5e00000, 0x00000000ffd80000, 0x0000000100000000)
  eden space 406016K, 0% used [0x00000000d5e00000,0x00000000d5e00000,0x00000000eea80000)
  from space 137728K, 62% used [0x00000000eea80000,0x00000000f3ef08f8,0x00000000f7100000)
  to   space 136192K, 0% used [0x00000000f7880000,0x00000000f7880000,0x00000000ffd80000)
 ParOldGen       total 301568K, used 171978K [0x0000000081a00000, 0x0000000094080000, 0x00000000d5e00000)
  object space 301568K, 57% used [0x0000000081a00000,0x000000008c1f28b8,0x0000000094080000)
 Metaspace       used 27912K, capacity 28440K, committed 28800K, reserved 1075200K
  class space    used 2999K, capacity 3167K, committed 3200K, reserved 1048576K
}
Event: 34.920 GC heap before
{Heap before GC invocations=31 (full 3):
 PSYoungGen      total 543744K, used 492482K [0x00000000d5e00000, 0x00000000ffd80000, 0x0000000100000000)
  eden space 406016K, 100% used [0x00000000d5e00000,0x00000000eea80000,0x00000000eea80000)
  from space 137728K, 62% used [0x00000000eea80000,0x00000000f3ef08f8,0x00000000f7100000)
  to   space 136192K, 0% used [0x00000000f7880000,0x00000000f7880000,0x00000000ffd80000)
 ParOldGen       total 301568K, used 171978K [0x0000000081a00000, 0x0000000094080000, 0x00000000d5e00000)
  object space 301568K, 57% used [0x0000000081a00000,0x000000008c1f28b8,0x0000000094080000)
 Metaspace       used 27912K, capacity 28440K, committed 28800K, reserved 1075200K
  class space    used 2999K, capacity 3167K, committed 3200K, reserved 1048576K
Event: 35.052 GC heap after
Heap after GC invocations=31 (full 3):
 PSYoungGen      total 546304K, used 82278K [0x00000000d5e00000, 0x00000000ff780000, 0x0000000100000000)
  eden space 416256K, 0% used [0x00000000d5e00000,0x00000000d5e00000,0x00000000ef480000)
  from space 130048K, 63% used [0x00000000f7880000,0x00000000fc8d9918,0x00000000ff780000)
  to   space 132608K, 0% used [0x00000000ef480000,0x00000000ef480000,0x00000000f7600000)
 ParOldGen       total 301568K, used 174406K [0x0000000081a00000, 0x0000000094080000, 0x00000000d5e00000)
  object space 301568K, 57% used [0x0000000081a00000,0x000000008c451948,0x0000000094080000)
 Metaspace       used 27912K, capacity 28440K, committed 28800K, reserved 1075200K
  class space    used 2999K, capacity 3167K, committed 3200K, reserved 1048576K
}
Event: 35.485 GC heap before
{Heap before GC invocations=32 (full 3):
 PSYoungGen      total 546304K, used 498534K [0x00000000d5e00000, 0x00000000ff780000, 0x0000000100000000)
  eden space 416256K, 100% used [0x00000000d5e00000,0x00000000ef480000,0x00000000ef480000)
  from space 130048K, 63% used [0x00000000f7880000,0x00000000fc8d9918,0x00000000ff780000)
  to   space 132608K, 0% used [0x00000000ef480000,0x00000000ef480000,0x00000000f7600000)
 ParOldGen       total 301568K, used 174406K [0x0000000081a00000, 0x0000000094080000, 0x00000000d5e00000)
  object space 301568K, 57% used [0x0000000081a00000,0x000000008c451948,0x0000000094080000)
 Metaspace       used 27912K, capacity 28440K, committed 28800K, reserved 1075200K
  class space    used 2999K, capacity 3167K, committed 3200K, reserved 1048576K
Event: 35.660 GC heap after
Heap after GC invocations=32 (full 3):
 PSYoungGen      total 548864K, used 83363K [0x00000000d5e00000, 0x00000000ffc80000, 0x0000000100000000)
  eden space 416256K, 0% used [0x00000000d5e00000,0x00000000d5e00000,0x00000000ef480000)
  from space 132608K, 62% used [0x00000000ef480000,0x00000000f45e8f68,0x00000000f7600000)
  to   space 129536K, 0% used [0x00000000f7e00000,0x00000000f7e00000,0x00000000ffc80000)
 ParOldGen       total 301568K, used 176222K [0x0000000081a00000, 0x0000000094080000, 0x00000000d5e00000)
  object space 301568K, 58% used [0x0000000081a00000,0x000000008c617988,0x0000000094080000)
 Metaspace       used 27912K, capacity 28440K, committed 28800K, reserved 1075200K
  class space    used 2999K, capacity 3167K, committed 3200K, reserved 1048576K
}
Event: 36.128 GC heap before
{Heap before GC invocations=33 (full 3):
 PSYoungGen      total 548864K, used 499619K [0x00000000d5e00000, 0x00000000ffc80000, 0x0000000100000000)
  eden space 416256K, 100% used [0x00000000d5e00000,0x00000000ef480000,0x00000000ef480000)
  from space 132608K, 62% used [0x00000000ef480000,0x00000000f45e8f68,0x00000000f7600000)
  to   space 129536K, 0% used [0x00000000f7e00000,0x00000000f7e00000,0x00000000ffc80000)
 ParOldGen       total 301568K, used 176222K [0x0000000081a00000, 0x0000000094080000, 0x00000000d5e00000)
  object space 301568K, 58% used [0x0000000081a00000,0x000000008c617988,0x0000000094080000)
 Metaspace       used 27912K, capacity 28440K, committed 28800K, reserved 1075200K
  class space    used 2999K, capacity 3167K, committed 3200K, reserved 1048576K

Deoptimization events (10 events):
Event: 26.230 Thread 0x0000000059a85800 Uncommon trap: reason=bimorphic action=maybe_recompile pc=0x0000000002a0aa24 method=java.io.FilterInputStream.read()I @ 4
Event: 26.259 Thread 0x0000000059a85800 Uncommon trap: reason=bimorphic action=maybe_recompile pc=0x0000000003893e3c method=java.io.FilterInputStream.available()I @ 4
Event: 26.601 Thread 0x000000005ba17800 Uncommon trap: reason=unstable_if action=reinterpret pc=0x0000000002b5aa0c method=java.util.jar.JarInputStream.getNextEntry()Ljava/util/zip/ZipEntry; @ 74
Event: 27.736 Thread 0x00000000575da800 Uncommon trap: reason=unstable_if action=reinterpret pc=0x0000000003412778 method=java.util.zip.Inflater.ended()Z @ 16
Event: 28.121 Thread 0x00000000575da800 Uncommon trap: reason=predicate action=maybe_recompile pc=0x00000000030e04d4 method=java.util.Arrays.fill([Ljava/lang/Object;Ljava/lang/Object;)V @ 10
Event: 28.127 Thread 0x00000000575da800 Uncommon trap: reason=array_check action=maybe_recompile pc=0x00000000038690c0 method=java.util.Arrays.fill([Ljava/lang/Object;Ljava/lang/Object;)V @ 13
Event: 28.127 Thread 0x00000000575da800 Uncommon trap: reason=array_check action=maybe_recompile pc=0x00000000036057f4 method=java.util.Arrays.fill([Ljava/lang/Object;Ljava/lang/Object;)V @ 13
Event: 28.127 Thread 0x00000000575da800 Uncommon trap: reason=array_check action=maybe_recompile pc=0x00000000036057f4 method=java.util.Arrays.fill([Ljava/lang/Object;Ljava/lang/Object;)V @ 13
Event: 28.127 Thread 0x00000000575da800 Uncommon trap: reason=array_check action=maybe_recompile pc=0x00000000036057f4 method=java.util.Arrays.fill([Ljava/lang/Object;Ljava/lang/Object;)V @ 13
Event: 28.134 Thread 0x00000000575da800 Uncommon trap: reason=array_check action=maybe_recompile pc=0x00000000038690c0 method=java.util.Arrays.fill([Ljava/lang/Object;Ljava/lang/Object;)V @ 13

Classes redefined (0 events):
No events

Internal exceptions (10 events):
Event: 23.069 Thread 0x000000000215f000 Exception <a 'java/lang/ClassNotFoundException': sun/net/www/protocol/c/Handler> (0x00000000d9e4c288) thrown at [C:\re\workspace\8-2-build-windows-amd64-cygwin\jdk8u202\12323\hotspot\src\share\vm\classfile\systemDictionary.cpp, line 210]
Event: 23.069 Thread 0x000000000215f000 Exception <a 'java/lang/ClassNotFoundException': sun/net/www/protocol/c/Handler> (0x00000000d9e4e438) thrown at [C:\re\workspace\8-2-build-windows-amd64-cygwin\jdk8u202\12323\hotspot\src\share\vm\classfile\systemDictionary.cpp, line 210]
Event: 23.069 Thread 0x000000000215f000 Exception <a 'java/lang/ClassNotFoundException': sun/net/www/protocol/c/Handler> (0x00000000d9e506e8) thrown at [C:\re\workspace\8-2-build-windows-amd64-cygwin\jdk8u202\12323\hotspot\src\share\vm\classfile\systemDictionary.cpp, line 210]
Event: 23.070 Thread 0x000000000215f000 Exception <a 'java/lang/ClassNotFoundException': sun/net/www/protocol/c/Handler> (0x00000000d9e528e8) thrown at [C:\re\workspace\8-2-build-windows-amd64-cygwin\jdk8u202\12323\hotspot\src\share\vm\classfile\systemDictionary.cpp, line 210]
Event: 23.070 Thread 0x000000000215f000 Exception <a 'java/lang/ClassNotFoundException': sun/net/www/protocol/c/Handler> (0x00000000d9e54a10) thrown at [C:\re\workspace\8-2-build-windows-amd64-cygwin\jdk8u202\12323\hotspot\src\share\vm\classfile\systemDictionary.cpp, line 210]
Event: 23.070 Thread 0x000000000215f000 Exception <a 'java/lang/ClassNotFoundException': sun/net/www/protocol/c/Handler> (0x00000000d9e56c38) thrown at [C:\re\workspace\8-2-build-windows-amd64-cygwin\jdk8u202\12323\hotspot\src\share\vm\classfile\systemDictionary.cpp, line 210]
Event: 23.070 Thread 0x000000000215f000 Exception <a 'java/lang/ClassNotFoundException': sun/net/www/protocol/c/Handler> (0x00000000d9e58f20) thrown at [C:\re\workspace\8-2-build-windows-amd64-cygwin\jdk8u202\12323\hotspot\src\share\vm\classfile\systemDictionary.cpp, line 210]
Event: 23.071 Thread 0x000000000215f000 Exception <a 'java/lang/ClassNotFoundException': sun/net/www/protocol/c/Handler> (0x00000000d9e5b010) thrown at [C:\re\workspace\8-2-build-windows-amd64-cygwin\jdk8u202\12323\hotspot\src\share\vm\classfile\systemDictionary.cpp, line 210]
Event: 23.152 Thread 0x0000000059a85800 Implicit null exception at 0x00000000035a827c to 0x00000000035a8a39
Event: 23.154 Thread 0x000000005ee63800 Implicit null exception at 0x00000000035b1340 to 0x00000000035b1a09

Events (10 events):
Event: 35.052 Executing VM operation: ParallelGCFailedAllocation done
Event: 35.311 Thread 0x00000000575f7000 flushing nmethod 0x0000000003e91790
Event: 35.311 Thread 0x00000000575f7000 flushing nmethod 0x0000000003ec6f90
Event: 35.311 Thread 0x00000000575f7000 flushing nmethod 0x0000000003f1ed90
Event: 35.311 Thread 0x00000000575f7000 flushing nmethod 0x0000000003fb5f90
Event: 35.344 Thread 0x0000000058842800 flushing nmethod 0x000000000410a890
Event: 35.344 Thread 0x0000000058842800 flushing nmethod 0x0000000004177c90
Event: 35.485 Executing VM operation: ParallelGCFailedAllocation
Event: 35.660 Executing VM operation: ParallelGCFailedAllocation done
Event: 36.128 Executing VM operation: ParallelGCFailedAllocation


Dynamic libraries:
0x000000013fc40000 - 0x000000013fc77000 	C:\Program Files\Java\jdk1.8.0_202\bin\javaw.exe
0x00000000777a0000 - 0x000000007793f000 	C:\Windows\SYSTEM32\ntdll.dll
0x0000000077580000 - 0x000000007769f000 	C:\Windows\system32\kernel32.dll
0x000007fefd420000 - 0x000007fefd487000 	C:\Windows\system32\KERNELBASE.dll
0x000007fefe090000 - 0x000007fefe16b000 	C:\Windows\system32\ADVAPI32.dll
0x000007feff9b0000 - 0x000007feffa4f000 	C:\Windows\system32\msvcrt.dll
0x000007fefde70000 - 0x000007fefde8f000 	C:\Windows\SYSTEM32\sechost.dll
0x000007feff6f0000 - 0x000007feff81c000 	C:\Windows\system32\RPCRT4.dll
0x00000000776a0000 - 0x000000007779a000 	C:\Windows\system32\USER32.dll
0x000007fefd780000 - 0x000007fefd7e7000 	C:\Windows\system32\GDI32.dll
0x000007feff530000 - 0x000007feff53e000 	C:\Windows\system32\LPK.dll
0x000007fefd6b0000 - 0x000007fefd77b000 	C:\Windows\system32\USP10.dll
0x000007fefb900000 - 0x000007fefbaf5000 	C:\Windows\WinSxS\amd64_microsoft.windows.common-controls_6595b64144ccf1df_6.0.7601.24460_none_e3711c5330fd38b4\COMCTL32.dll
0x000007feff2d0000 - 0x000007feff341000 	C:\Windows\system32\SHLWAPI.dll
0x000007feffa50000 - 0x000007feffa7e000 	C:\Windows\system32\IMM32.DLL
0x000007feff8a0000 - 0x000007feff9a9000 	C:\Windows\system32\MSCTF.dll
0x000000006d0b0000 - 0x000000006d182000 	C:\Program Files\Java\jdk1.8.0_202\jre\bin\msvcr100.dll
0x000000006a670000 - 0x000000006af15000 	C:\Program Files\Java\jdk1.8.0_202\jre\bin\server\jvm.dll
0x000007fef8e80000 - 0x000007fef8e89000 	C:\Windows\system32\WSOCK32.dll
0x000007fefd8d0000 - 0x000007fefd91d000 	C:\Windows\system32\WS2_32.dll
0x000007feffa80000 - 0x000007feffa88000 	C:\Windows\system32\NSI.dll
0x000007fefadc0000 - 0x000007fefadfb000 	C:\Windows\system32\WINMM.dll
0x000007fefc3d0000 - 0x000007fefc3dc000 	C:\Windows\system32\VERSION.dll
0x0000000077940000 - 0x0000000077947000 	C:\Windows\system32\PSAPI.DLL
0x000007fef8bb0000 - 0x000007fef8bbf000 	C:\Program Files\Java\jdk1.8.0_202\jre\bin\verify.dll
0x000007fed90a0000 - 0x000007fed90c9000 	C:\Program Files\Java\jdk1.8.0_202\jre\bin\java.dll
0x000007fef8a50000 - 0x000007fef8a66000 	C:\Program Files\Java\jdk1.8.0_202\jre\bin\zip.dll
0x000007fefe540000 - 0x000007feff2cb000 	C:\Windows\system32\SHELL32.dll
0x000007fefde90000 - 0x000007fefe08f000 	C:\Windows\system32\ole32.dll
0x000007fefd2f0000 - 0x000007fefd2ff000 	C:\Windows\system32\profapi.dll
0x000007fed8ed0000 - 0x000007fed8eea000 	C:\Program Files\Java\jdk1.8.0_202\jre\bin\net.dll
0x000007feff560000 - 0x000007feff6e8000 	C:\Windows\system32\urlmon.dll
0x000007fefd340000 - 0x000007fefd344000 	C:\Windows\system32\api-ms-win-downlevel-ole32-l1-1-0.dll
0x000007fefd410000 - 0x000007fefd414000 	C:\Windows\system32\api-ms-win-downlevel-shlwapi-l1-1-0.dll
0x000007fefd330000 - 0x000007fefd335000 	C:\Windows\system32\api-ms-win-downlevel-advapi32-l1-1-0.dll
0x000007fefd510000 - 0x000007fefd514000 	C:\Windows\system32\api-ms-win-downlevel-user32-l1-1-0.dll
0x000007fefd520000 - 0x000007fefd524000 	C:\Windows\system32\api-ms-win-downlevel-version-l1-1-0.dll
0x000007fefd6a0000 - 0x000007fefd6a3000 	C:\Windows\system32\api-ms-win-downlevel-normaliz-l1-1-0.dll
0x0000000077950000 - 0x0000000077953000 	C:\Windows\system32\normaliz.DLL
0x000007fefe1d0000 - 0x000007fefe49a000 	C:\Windows\system32\iertutil.dll
0x000007fefd920000 - 0x000007fefddcc000 	C:\Windows\system32\WININET.dll
0x000007fefd310000 - 0x000007fefd32f000 	C:\Windows\system32\USERENV.dll
0x000007fefca30000 - 0x000007fefca85000 	C:\Windows\system32\mswsock.dll
0x000007fefca20000 - 0x000007fefca27000 	C:\Windows\System32\wship6.dll
0x000007fed8eb0000 - 0x000007fed8ec2000 	C:\Program Files\Java\jdk1.8.0_202\jre\bin\nio.dll
0x000007fefb670000 - 0x000007fefb67d000 	C:\Program Files\Java\jdk1.8.0_202\jre\bin\management.dll
0x000007fef9b60000 - 0x000007fef9c85000 	C:\Windows\system32\dbghelp.dll

VM Arguments:
jvm_args: -Dmaven.home=EMBEDDED -Dclassworlds.conf=E:\workspace_jewels_demo\.metadata\.plugins\org.eclipse.m2e.launching\launches\m2conf7669555971555699495.tmp -Dfile.encoding=Cp1252 
java_command: org.codehaus.plexus.classworlds.launcher.Launcher -B jetty:run
java_class_path (initial): /E:/sts/sts-bundle/sts-3.6.4.RELEASE/plugins/org.eclipse.m2e.maven.runtime_1.5.1.20150109-1819/jars/plexus-classworlds-2.5.1.jar
Launcher Type: SUN_STANDARD

Environment Variables:
PATH=C:/Program Files/Java/jre1.8.0_202/bin/server;C:/Program Files/Java/jre1.8.0_202/bin;C:/Program Files/Java/jre1.8.0_202/lib/amd64;C:\Program Files (x86)\Common Files\Oracle\Java\javapath;C:\Program Files (x86)\Intel\iCLS Client\;C:\Program Files\Intel\iCLS Client\;C:\Windows\system32;C:\Windows;C:\Windows\System32\Wbem;C:\Windows\System32\WindowsPowerShell\v1.0\;C:\Program Files (x86)\Intel\OpenCL SDK\2.0\bin\x86;C:\Program Files (x86)\Intel\OpenCL SDK\2.0\bin\x64;C:\Program Files\Intel\Intel(R) Management Engine Components\DAL;C:\Program Files\Intel\Intel(R) Management Engine Components\IPT;C:\Program Files (x86)\Intel\Intel(R) Management Engine Components\DAL;C:\Program Files (x86)\Intel\Intel(R) Management Engine Components\IPT;C:\Program Files\MySQL\MySQL Utilities 1.6\;C:\Program Files\EasyFrom Inc\;C:\Program Files (x86)\Microsoft SQL Server\100\Tools\Binn\;C:\Program Files (x86)\Microsoft SQL Server\100\DTS\Binn\;C:\Program Files (x86)\Microsoft SQL Server\100\Tools\Binn\VSShell\Common7\IDE\;C:\Program Files\PuTTY\;C:\Program Files\Java\jdk1.8.0_202\bin;E:\sts\sts-bundle\sts-3.6.4.RELEASE;
USERNAME=comp2
OS=Windows_NT
PROCESSOR_IDENTIFIER=Intel64 Family 6 Model 42 Stepping 7, GenuineIntel



---------------  S Y S T E M  ---------------

OS: Windows 7 , 64 bit Build 7601 (6.1.7601.24475)

CPU:total 4 (initial active 4) (2 cores per cpu, 2 threads per core) family 6 model 42 stepping 7, cmov, cx8, fxsr, mmx, sse, sse2, sse3, ssse3, sse4.1, sse4.2, popcnt, avx, clmul, ht, tsc, tscinvbit

Memory: 4k page, physical 8274820k(3445532k free), swap 16547740k(11448040k free)

vm_info: Java HotSpot(TM) 64-Bit Server VM (25.202-b08) for windows-amd64 JRE (1.8.0_202-b08), built on Dec 15 2018 19:54:30 by "java_re" with MS VC++ 10.0 (VS2010)

time: Sat Nov 02 14:52:15 2019
timezone: India Standard Time
elapsed time: 36 seconds (0d 0h 0m 36s)

