#
# A fatal error has been detected by the Java Runtime Environment:
#
#  EXCEPTION_ACCESS_VIOLATION (0xc0000005) at pc=0x000000006b024506, pid=4040, tid=0x0000000000001ab0
#
# JRE version: Java(TM) SE Runtime Environment (8.0_202-b08) (build 1.8.0_202-b08)
# Java VM: Java HotSpot(TM) 64-Bit Server VM (25.202-b08 mixed mode windows-amd64 compressed oops)
# Problematic frame:
# V  [jvm.dll+0x404506]
#
# Failed to write core dump. Minidumps are not enabled by default on client versions of Windows
#
# If you would like to submit a bug report, please visit:
#   http://bugreport.java.com/bugreport/crash.jsp
#

---------------  T H R E A D  ---------------

Current thread (0x00000000575df800):  VMThread [stack: 0x00000000585a0000,0x00000000586a0000] [id=6832]

siginfo: ExceptionCode=0xc0000005, reading address 0xffffffffffffffff

Registers:
RAX=0x003d006f006c0048, RBX=0x00000000ee92f738, RCX=0x0000000000000007, RDX=0x0000000000000000
RSP=0x000000005869ed40, RBP=0x000000000000001e, RSI=0x00000000575dca40, RDI=0x00000000f8c5b8a0
R8 =0x00000000aeef8c16, R9 =0x1fffffffffffffff, R10=0x0000000000000008, R11=0x00000000fb18e400
R12=0x00000000575de420, R13=0x003d006f006c0048, R14=0x0000000000000000, R15=0x000000005d82b2a0
RIP=0x000000006b024506, EFLAGS=0x0000000000010206

Top of Stack: (sp=0x000000005869ed40)
0x000000005869ed40:   00000000ee92b800 0000000000000004
0x000000005869ed50:   00000000575dca40 0000000000000000
0x000000005869ed60:   00000000fb186410 000000006b024c3b
0x000000005869ed70:   000000005869edc0 0000000000000000
0x000000005869ed80:   0000000000000000 000000005d82af01
0x000000005869ed90:   00000000575de420 000000006b024860
0x000000005869eda0:   00000000fb18c170 00000000000083b0
0x000000005869edb0:   00000000575dca40 00000000f8c5b8a0
0x000000005869edc0:   00000000fb18c170 000000006b025235
0x000000005869edd0:   00000000ee945550 00000000000083b0
0x000000005869ede0:   00000000575dca40 000000006b024771
0x000000005869edf0:   00000000ea9d76c8 0000000000000007
0x000000005869ee00:   00000000575dca40 000000de00000000
0x000000005869ee10:   00000000fa3de410 0000000000001000
0x000000005869ee20:   0000000000000000 0000000000000000
0x000000005869ee30:   0000000000000000 000000005d82af00 

Instructions: (pc=0x000000006b024506)
0x000000006b0244e6:   48 8b 52 08 48 8b cb e8 8e c6 ca ff 48 63 e8 41
0x000000006b0244f6:   0f b6 c5 f6 d0 a8 01 49 8b c5 74 06 48 83 e0 fd
0x000000006b024506:   8b 00 48 c1 e8 03 83 e0 0f 3b 05 d3 18 42 00 0f
0x000000006b024516:   83 11 01 00 00 48 8b d5 48 8b ce e8 3a fa ff ff 


Register to memory mapping:

RAX=0x003d006f006c0048 is an unknown value
RBX=0x00000000ee92f738 is an unknown value
RCX=0x0000000000000007 is an unknown value
RDX=0x0000000000000000 is an unknown value
RSP=0x000000005869ed40 is an unknown value
RBP=0x000000000000001e is an unknown value
RSI=0x00000000575dca40 is an unknown value
RDI=0x00000000f8c5b8a0 is an unknown value
R8 =0x00000000aeef8c16 is an unallocated location in the heap
R9 =0x1fffffffffffffff is an unknown value
R10=0x0000000000000008 is an unknown value
R11=0x00000000fb18e400 is an oop

[error occurred during error reporting (printing register info), id 0xc0000005]

Stack: [0x00000000585a0000,0x00000000586a0000],  sp=0x000000005869ed40,  free space=1019k
Native frames: (J=compiled Java code, j=interpreted, Vv=VM code, C=native code)
V  [jvm.dll+0x404506]
V  [jvm.dll+0x404860]
V  [jvm.dll+0x405235]
V  [jvm.dll+0x405f24]
V  [jvm.dll+0xebe39]
V  [jvm.dll+0xecb42]
V  [jvm.dll+0xed15e]
V  [jvm.dll+0x406869]
V  [jvm.dll+0x407050]
V  [jvm.dll+0x3f6e54]
V  [jvm.dll+0x4093f6]
V  [jvm.dll+0x24d5d7]
V  [jvm.dll+0x24c876]
V  [jvm.dll+0x24cd11]
V  [jvm.dll+0x24cf2e]
V  [jvm.dll+0x29fc6a]
C  [msvcr100.dll+0x21d9f]
C  [msvcr100.dll+0x21e3b]
C  [kernel32.dll+0x1556d]
C  [ntdll.dll+0x5385d]

VM_Operation (0x0000000060b2e8d0): ParallelGCFailedAllocation, mode: safepoint, requested by thread 0x000000005bf26800


---------------  P R O C E S S  ---------------

Java Threads: ( => current thread )
  0x000000005d4da800 JavaThread "qtp640226004-20" [_thread_blocked, id=1844, stack(0x0000000060740000,0x0000000060840000)]
  0x000000005c041000 JavaThread "qtp640226004-19" [_thread_blocked, id=6588, stack(0x0000000060be0000,0x0000000060ce0000)]
  0x000000005bf26800 JavaThread "qtp640226004-18" [_thread_blocked, id=6716, stack(0x0000000060a30000,0x0000000060b30000)]
  0x000000005994e800 JavaThread "qtp640226004-17" [_thread_blocked, id=1068, stack(0x0000000060880000,0x0000000060980000)]
  0x000000005ab17000 JavaThread "qtp640226004-16" [_thread_blocked, id=4116, stack(0x0000000058cf0000,0x0000000058df0000)]
  0x000000005bfcc800 JavaThread "qtp640226004-15" [_thread_blocked, id=2400, stack(0x0000000060600000,0x0000000060700000)]
  0x0000000058c0d000 JavaThread "qtp640226004-14" [_thread_blocked, id=6400, stack(0x000000005b570000,0x000000005b670000)]
  0x000000005f6cc800 JavaThread "qtp640226004-13" [_thread_blocked, id=3000, stack(0x00000000603b0000,0x00000000604b0000)]
  0x00000000588fa000 JavaThread "Service Thread" daemon [_thread_blocked, id=3656, stack(0x00000000596c0000,0x00000000597c0000)]
  0x000000005764d000 JavaThread "C1 CompilerThread2" daemon [_thread_blocked, id=6768, stack(0x0000000059530000,0x0000000059630000)]
  0x0000000057646000 JavaThread "C2 CompilerThread1" daemon [_thread_blocked, id=1376, stack(0x0000000059350000,0x0000000059450000)]
  0x0000000057645000 JavaThread "C2 CompilerThread0" daemon [_thread_blocked, id=6268, stack(0x0000000059190000,0x0000000059290000)]
  0x0000000057644000 JavaThread "Attach Listener" daemon [_thread_blocked, id=3696, stack(0x0000000058fb0000,0x00000000590b0000)]
  0x0000000057643000 JavaThread "Signal Dispatcher" daemon [_thread_blocked, id=5752, stack(0x0000000058e00000,0x0000000058f00000)]
  0x000000005762d800 JavaThread "Finalizer" daemon [_thread_blocked, id=1764, stack(0x00000000584a0000,0x00000000585a0000)]
  0x0000000057626800 JavaThread "Reference Handler" daemon [_thread_blocked, id=3952, stack(0x0000000058780000,0x0000000058880000)]
  0x000000000017f000 JavaThread "main" [_thread_blocked, id=7072, stack(0x00000000024b0000,0x00000000025b0000)]

Other Threads:
=>0x00000000575df800 VMThread [stack: 0x00000000585a0000,0x00000000586a0000] [id=6832]
  0x000000005892d000 WatcherThread [stack: 0x0000000059800000,0x0000000059900000] [id=6840]

VM state:at safepoint (normal execution)

VM Mutex/Monitor currently owned by a thread:  ([mutex/lock_event])
[0x000000000017d530] Threads_lock - owner thread: 0x00000000575df800
[0x000000000017da30] Heap_lock - owner thread: 0x000000005bf26800

heap address: 0x0000000081a00000, size: 2022 MB, Compressed Oops mode: 32-bit
Narrow klass base: 0x0000000000000000, Narrow klass shift: 0
Compressed class space size: 1073741824 Address: 0x0000000016c50000

Heap:
 PSYoungGen      total 569856K, used 541010K [0x00000000d5e00000, 0x00000000fff00000, 0x0000000100000000)
  eden space 451072K, 100% used [0x00000000d5e00000,0x00000000f1680000,0x00000000f1680000)
  from space 118784K, 75% used [0x00000000f1680000,0x00000000f6e54a78,0x00000000f8a80000)
  to   space 117760K, 32% used [0x00000000f8c00000,0x00000000fb18e410,0x00000000fff00000)
 ParOldGen       total 291328K, used 267571K [0x0000000081a00000, 0x0000000093680000, 0x00000000d5e00000)
  object space 291328K, 91% used [0x0000000081a00000,0x0000000091f4cf60,0x0000000093680000)
 Metaspace       used 27939K, capacity 28440K, committed 28848K, reserved 1075200K
  class space    used 2998K, capacity 3167K, committed 3248K, reserved 1048576K

Card table byte_map: [0x0000000011c40000,0x0000000012040000] byte_map_base: 0x0000000011833000

Marking Bits: (ParMarkBitMap*) 0x000000006b445ce0
 Begin Bits: [0x0000000012920000, 0x00000000148b8000)
 End Bits:   [0x00000000148b8000, 0x0000000016850000)

Polling page: 0x0000000000430000

CodeCache: size=245760Kb used=27405Kb max_used=27882Kb free=218355Kb
 bounds [0x0000000002880000, 0x0000000004410000, 0x0000000011880000]
 total_blobs=7149 nmethods=6764 adapters=297
 compilation: enabled

Compilation events (10 events):
Event: 42.448 Thread 0x0000000057646000 nmethod 9973 0x0000000003228ad0 code [0x0000000003228c20, 0x0000000003228e78]
Event: 42.448 Thread 0x0000000057645000 nmethod 9972 0x0000000003cc3dd0 code [0x0000000003cc3f80, 0x0000000003cc4c08]
Event: 42.461 Thread 0x0000000057646000 9974       4       java.util.Collections$UnmodifiableCollection::toArray (10 bytes)
Event: 42.463 Thread 0x0000000057646000 nmethod 9974 0x00000000029a9fd0 code [0x00000000029aa120, 0x00000000029aa2f8]
Event: 42.504 Thread 0x0000000057645000 9975   !   4       java.security.cert.CertificateFactory::getInstance (58 bytes)
Event: 42.506 Thread 0x0000000057645000 nmethod 9975 0x0000000002aa0310 code [0x0000000002aa0480, 0x0000000002aa0608]
Event: 42.512 Thread 0x0000000057646000 9976   !   4       sun.security.provider.X509Factory::engineGenerateCertificate (113 bytes)
Event: 42.512 Thread 0x0000000057645000 9977       4       sun.security.provider.X509Factory::readFully (68 bytes)
Event: 42.515 Thread 0x0000000057646000 nmethod 9976 0x00000000040d3410 code [0x00000000040d35a0, 0x00000000040d3a38]
Event: 42.524 Thread 0x0000000057645000 nmethod 9977 0x0000000002a38c10 code [0x0000000002a38d80, 0x0000000002a39f58]

GC Heap History (10 events):
Event: 39.665 GC heap after
Heap after GC invocations=42 (full 3):
 PSYoungGen      total 565248K, used 89254K [0x00000000d5e00000, 0x00000000fff80000, 0x0000000100000000)
  eden space 443904K, 0% used [0x00000000d5e00000,0x00000000d5e00000,0x00000000f0f80000)
  from space 121344K, 73% used [0x00000000f0f80000,0x00000000f66a9b30,0x00000000f8600000)
  to   space 120832K, 0% used [0x00000000f8980000,0x00000000f8980000,0x00000000fff80000)
 ParOldGen       total 291328K, used 259105K [0x0000000081a00000, 0x0000000093680000, 0x00000000d5e00000)
  object space 291328K, 88% used [0x0000000081a00000,0x0000000091708488,0x0000000093680000)
 Metaspace       used 27939K, capacity 28440K, committed 28848K, reserved 1075200K
  class space    used 2998K, capacity 3167K, committed 3248K, reserved 1048576K
}
Event: 40.115 GC heap before
{Heap before GC invocations=43 (full 3):
 PSYoungGen      total 565248K, used 533158K [0x00000000d5e00000, 0x00000000fff80000, 0x0000000100000000)
  eden space 443904K, 100% used [0x00000000d5e00000,0x00000000f0f80000,0x00000000f0f80000)
  from space 121344K, 73% used [0x00000000f0f80000,0x00000000f66a9b30,0x00000000f8600000)
  to   space 120832K, 0% used [0x00000000f8980000,0x00000000f8980000,0x00000000fff80000)
 ParOldGen       total 291328K, used 259105K [0x0000000081a00000, 0x0000000093680000, 0x00000000d5e00000)
  object space 291328K, 88% used [0x0000000081a00000,0x00000000917084b0,0x0000000093680000)
 Metaspace       used 27939K, capacity 28440K, committed 28848K, reserved 1075200K
  class space    used 2998K, capacity 3167K, committed 3248K, reserved 1048576K
Event: 40.287 GC heap after
Heap after GC invocations=43 (full 3):
 PSYoungGen      total 566784K, used 89568K [0x00000000d5e00000, 0x00000000ffd80000, 0x0000000100000000)
  eden space 448000K, 0% used [0x00000000d5e00000,0x00000000d5e00000,0x00000000f1380000)
  from space 118784K, 75% used [0x00000000f8980000,0x00000000fe0f8268,0x00000000ffd80000)
  to   space 119808K, 0% used [0x00000000f1380000,0x00000000f1380000,0x00000000f8880000)
 ParOldGen       total 291328K, used 261161K [0x0000000081a00000, 0x0000000093680000, 0x00000000d5e00000)
  object space 291328K, 89% used [0x0000000081a00000,0x000000009190a4f0,0x0000000093680000)
 Metaspace       used 27939K, capacity 28440K, committed 28848K, reserved 1075200K
  class space    used 2998K, capacity 3167K, committed 3248K, reserved 1048576K
}
Event: 40.755 GC heap before
{Heap before GC invocations=44 (full 3):
 PSYoungGen      total 566784K, used 537568K [0x00000000d5e00000, 0x00000000ffd80000, 0x0000000100000000)
  eden space 448000K, 100% used [0x00000000d5e00000,0x00000000f1380000,0x00000000f1380000)
  from space 118784K, 75% used [0x00000000f8980000,0x00000000fe0f8268,0x00000000ffd80000)
  to   space 119808K, 0% used [0x00000000f1380000,0x00000000f1380000,0x00000000f8880000)
 ParOldGen       total 291328K, used 261163K [0x0000000081a00000, 0x0000000093680000, 0x00000000d5e00000)
  object space 291328K, 89% used [0x0000000081a00000,0x000000009190aef0,0x0000000093680000)
 Metaspace       used 27939K, capacity 28440K, committed 28848K, reserved 1075200K
  class space    used 2998K, capacity 3167K, committed 3248K, reserved 1048576K
Event: 40.907 GC heap after
Heap after GC invocations=44 (full 3):
 PSYoungGen      total 567808K, used 90607K [0x00000000d5e00000, 0x0000000100000000, 0x0000000100000000)
  eden space 448000K, 0% used [0x00000000d5e00000,0x00000000d5e00000,0x00000000f1380000)
  from space 119808K, 75% used [0x00000000f1380000,0x00000000f6bfbe08,0x00000000f8880000)
  to   space 119296K, 0% used [0x00000000f8b80000,0x00000000f8b80000,0x0000000100000000)
 ParOldGen       total 291328K, used 262683K [0x0000000081a00000, 0x0000000093680000, 0x00000000d5e00000)
  object space 291328K, 90% used [0x0000000081a00000,0x0000000091a86e60,0x0000000093680000)
 Metaspace       used 27939K, capacity 28440K, committed 28848K, reserved 1075200K
  class space    used 2998K, capacity 3167K, committed 3248K, reserved 1048576K
}
Event: 41.370 GC heap before
{Heap before GC invocations=45 (full 3):
 PSYoungGen      total 567808K, used 538607K [0x00000000d5e00000, 0x0000000100000000, 0x0000000100000000)
  eden space 448000K, 100% used [0x00000000d5e00000,0x00000000f1380000,0x00000000f1380000)
  from space 119808K, 75% used [0x00000000f1380000,0x00000000f6bfbe08,0x00000000f8880000)
  to   space 119296K, 0% used [0x00000000f8b80000,0x00000000f8b80000,0x0000000100000000)
 ParOldGen       total 291328K, used 262683K [0x0000000081a00000, 0x0000000093680000, 0x00000000d5e00000)
  object space 291328K, 90% used [0x0000000081a00000,0x0000000091a86e60,0x0000000093680000)
 Metaspace       used 27939K, capacity 28440K, committed 28848K, reserved 1075200K
  class space    used 2998K, capacity 3167K, committed 3248K, reserved 1048576K
Event: 41.541 GC heap after
Heap after GC invocations=45 (full 3):
 PSYoungGen      total 568832K, used 90858K [0x00000000d5e00000, 0x00000000ffe80000, 0x0000000100000000)
  eden space 451072K, 0% used [0x00000000d5e00000,0x00000000d5e00000,0x00000000f1680000)
  from space 117760K, 77% used [0x00000000f8b80000,0x00000000fe43aa68,0x00000000ffe80000)
  to   space 118784K, 0% used [0x00000000f1680000,0x00000000f1680000,0x00000000f8a80000)
 ParOldGen       total 291328K, used 264427K [0x0000000081a00000, 0x0000000093680000, 0x00000000d5e00000)
  object space 291328K, 90% used [0x0000000081a00000,0x0000000091c3aea0,0x0000000093680000)
 Metaspace       used 27939K, capacity 28440K, committed 28848K, reserved 1075200K
  class space    used 2998K, capacity 3167K, committed 3248K, reserved 1048576K
}
Event: 41.958 GC heap before
{Heap before GC invocations=46 (full 3):
 PSYoungGen      total 568832K, used 541930K [0x00000000d5e00000, 0x00000000ffe80000, 0x0000000100000000)
  eden space 451072K, 100% used [0x00000000d5e00000,0x00000000f1680000,0x00000000f1680000)
  from space 117760K, 77% used [0x00000000f8b80000,0x00000000fe43aa68,0x00000000ffe80000)
  to   space 118784K, 0% used [0x00000000f1680000,0x00000000f1680000,0x00000000f8a80000)
 ParOldGen       total 291328K, used 264427K [0x0000000081a00000, 0x0000000093680000, 0x00000000d5e00000)
  object space 291328K, 90% used [0x0000000081a00000,0x0000000091c3aea0,0x0000000093680000)
 Metaspace       used 27939K, capacity 28440K, committed 28848K, reserved 1075200K
  class space    used 2998K, capacity 3167K, committed 3248K, reserved 1048576K
Event: 42.115 GC heap after
Heap after GC invocations=46 (full 3):
 PSYoungGen      total 569856K, used 89938K [0x00000000d5e00000, 0x00000000fff00000, 0x0000000100000000)
  eden space 451072K, 0% used [0x00000000d5e00000,0x00000000d5e00000,0x00000000f1680000)
  from space 118784K, 75% used [0x00000000f1680000,0x00000000f6e54a78,0x00000000f8a80000)
  to   space 117760K, 0% used [0x00000000f8c00000,0x00000000f8c00000,0x00000000fff00000)
 ParOldGen       total 291328K, used 266263K [0x0000000081a00000, 0x0000000093680000, 0x00000000d5e00000)
  object space 291328K, 91% used [0x0000000081a00000,0x0000000091e05ef0,0x0000000093680000)
 Metaspace       used 27939K, capacity 28440K, committed 28848K, reserved 1075200K
  class space    used 2998K, capacity 3167K, committed 3248K, reserved 1048576K
}
Event: 42.554 GC heap before
{Heap before GC invocations=47 (full 3):
 PSYoungGen      total 569856K, used 541010K [0x00000000d5e00000, 0x00000000fff00000, 0x0000000100000000)
  eden space 451072K, 100% used [0x00000000d5e00000,0x00000000f1680000,0x00000000f1680000)
  from space 118784K, 75% used [0x00000000f1680000,0x00000000f6e54a78,0x00000000f8a80000)
  to   space 117760K, 0% used [0x00000000f8c00000,0x00000000f8c00000,0x00000000fff00000)
 ParOldGen       total 291328K, used 266263K [0x0000000081a00000, 0x0000000093680000, 0x00000000d5e00000)
  object space 291328K, 91% used [0x0000000081a00000,0x0000000091e05ef0,0x0000000093680000)
 Metaspace       used 27939K, capacity 28440K, committed 28848K, reserved 1075200K
  class space    used 2998K, capacity 3167K, committed 3248K, reserved 1048576K

Deoptimization events (10 events):
Event: 24.792 Thread 0x000000005c041000 Uncommon trap: reason=bimorphic action=maybe_recompile pc=0x0000000003e79de4 method=java.io.FilterInputStream.available()I @ 4
Event: 24.792 Thread 0x000000005c041000 Uncommon trap: reason=bimorphic action=maybe_recompile pc=0x00000000036aefa4 method=java.io.FilterInputStream.read()I @ 4
Event: 24.795 Thread 0x000000005c041000 Uncommon trap: reason=class_check action=maybe_recompile pc=0x0000000003f4f82c method=java.lang.AbstractStringBuilder.append(Ljava/lang/CharSequence;)Ljava/lang/AbstractStringBuilder; @ 10
Event: 24.803 Thread 0x000000005c041000 Uncommon trap: reason=bimorphic action=maybe_recompile pc=0x0000000003e79de4 method=java.io.FilterInputStream.available()I @ 4
Event: 24.803 Thread 0x000000005c041000 Uncommon trap: reason=bimorphic action=maybe_recompile pc=0x00000000036aefa4 method=java.io.FilterInputStream.read()I @ 4
Event: 24.813 Thread 0x000000005c041000 Uncommon trap: reason=bimorphic action=maybe_recompile pc=0x0000000003e79de4 method=java.io.FilterInputStream.available()I @ 4
Event: 24.813 Thread 0x000000005c041000 Uncommon trap: reason=bimorphic action=maybe_recompile pc=0x00000000036aefa4 method=java.io.FilterInputStream.read()I @ 4
Event: 24.823 Thread 0x000000005c041000 Uncommon trap: reason=bimorphic action=maybe_recompile pc=0x000000000364989c method=java.io.FilterInputStream.available()I @ 4
Event: 25.104 Thread 0x000000005bfcc800 Uncommon trap: reason=unstable_if action=reinterpret pc=0x0000000003e7914c method=java.util.jar.JarInputStream.getNextEntry()Ljava/util/zip/ZipEntry; @ 74
Event: 25.690 Thread 0x000000005c041000 Uncommon trap: reason=unstable_if action=reinterpret pc=0x0000000002c4590c method=java.util.jar.JarInputStream.getNextEntry()Ljava/util/zip/ZipEntry; @ 74

Classes redefined (0 events):
No events

Internal exceptions (10 events):
Event: 21.907 Thread 0x000000000017f000 Exception <a 'java/lang/ClassNotFoundException': sun/net/www/protocol/c/Handler> (0x00000000da866700) thrown at [C:\re\workspace\8-2-build-windows-amd64-cygwin\jdk8u202\12323\hotspot\src\share\vm\classfile\systemDictionary.cpp, line 210]
Event: 21.908 Thread 0x000000000017f000 Exception <a 'java/lang/ClassNotFoundException': sun/net/www/protocol/c/Handler> (0x00000000da8689b0) thrown at [C:\re\workspace\8-2-build-windows-amd64-cygwin\jdk8u202\12323\hotspot\src\share\vm\classfile\systemDictionary.cpp, line 210]
Event: 21.908 Thread 0x000000000017f000 Exception <a 'java/lang/ClassNotFoundException': sun/net/www/protocol/c/Handler> (0x00000000da86abb0) thrown at [C:\re\workspace\8-2-build-windows-amd64-cygwin\jdk8u202\12323\hotspot\src\share\vm\classfile\systemDictionary.cpp, line 210]
Event: 21.908 Thread 0x000000000017f000 Exception <a 'java/lang/ClassNotFoundException': sun/net/www/protocol/c/Handler> (0x00000000da86ccd8) thrown at [C:\re\workspace\8-2-build-windows-amd64-cygwin\jdk8u202\12323\hotspot\src\share\vm\classfile\systemDictionary.cpp, line 210]
Event: 21.908 Thread 0x000000000017f000 Exception <a 'java/lang/ClassNotFoundException': sun/net/www/protocol/c/Handler> (0x00000000da86ef00) thrown at [C:\re\workspace\8-2-build-windows-amd64-cygwin\jdk8u202\12323\hotspot\src\share\vm\classfile\systemDictionary.cpp, line 210]
Event: 21.909 Thread 0x000000000017f000 Exception <a 'java/lang/ClassNotFoundException': sun/net/www/protocol/c/Handler> (0x00000000da8711e8) thrown at [C:\re\workspace\8-2-build-windows-amd64-cygwin\jdk8u202\12323\hotspot\src\share\vm\classfile\systemDictionary.cpp, line 210]
Event: 21.909 Thread 0x000000000017f000 Exception <a 'java/lang/ClassNotFoundException': sun/net/www/protocol/c/Handler> (0x00000000da8732d8) thrown at [C:\re\workspace\8-2-build-windows-amd64-cygwin\jdk8u202\12323\hotspot\src\share\vm\classfile\systemDictionary.cpp, line 210]
Event: 21.987 Thread 0x000000005f6cc800 Implicit null exception at 0x00000000033f4bfc to 0x00000000033f53ad
Event: 21.989 Thread 0x0000000058c0d000 Implicit null exception at 0x00000000034184c0 to 0x0000000003418b89
Event: 24.636 Thread 0x000000005762d800 Implicit null exception at 0x0000000002aa0578 to 0x0000000002aa0e15

Events (10 events):
Event: 40.115 Executing VM operation: ParallelGCFailedAllocation done
Event: 40.115 Executing VM operation: ParallelGCSystemGC
Event: 40.287 Executing VM operation: ParallelGCSystemGC done
Event: 40.755 Executing VM operation: ParallelGCFailedAllocation
Event: 40.907 Executing VM operation: ParallelGCFailedAllocation done
Event: 41.369 Executing VM operation: ParallelGCFailedAllocation
Event: 41.541 Executing VM operation: ParallelGCFailedAllocation done
Event: 41.958 Executing VM operation: ParallelGCFailedAllocation
Event: 42.115 Executing VM operation: ParallelGCFailedAllocation done
Event: 42.554 Executing VM operation: ParallelGCFailedAllocation


Dynamic libraries:
0x000000013f980000 - 0x000000013f9b7000 	C:\Program Files\Java\jdk1.8.0_202\bin\javaw.exe
0x0000000076f40000 - 0x00000000770df000 	C:\Windows\SYSTEM32\ntdll.dll
0x0000000076e20000 - 0x0000000076f3f000 	C:\Windows\system32\kernel32.dll
0x000007fefcd90000 - 0x000007fefcdf7000 	C:\Windows\system32\KERNELBASE.dll
0x000007fefe1a0000 - 0x000007fefe27b000 	C:\Windows\system32\ADVAPI32.dll
0x000007fefe100000 - 0x000007fefe19f000 	C:\Windows\system32\msvcrt.dll
0x000007fefd4f0000 - 0x000007fefd50f000 	C:\Windows\SYSTEM32\sechost.dll
0x000007fefd5c0000 - 0x000007fefd6ec000 	C:\Windows\system32\RPCRT4.dll
0x0000000076d20000 - 0x0000000076e1a000 	C:\Windows\system32\USER32.dll
0x000007fefd6f0000 - 0x000007fefd757000 	C:\Windows\system32\GDI32.dll
0x000007fefce50000 - 0x000007fefce5e000 	C:\Windows\system32\LPK.dll
0x000007fefde30000 - 0x000007fefdefb000 	C:\Windows\system32\USP10.dll
0x000007fefb0a0000 - 0x000007fefb295000 	C:\Windows\WinSxS\amd64_microsoft.windows.common-controls_6595b64144ccf1df_6.0.7601.24460_none_e3711c5330fd38b4\COMCTL32.dll
0x000007fefe280000 - 0x000007fefe2f1000 	C:\Windows\system32\SHLWAPI.dll
0x000007fefd510000 - 0x000007fefd53e000 	C:\Windows\system32\IMM32.DLL
0x000007fefdb40000 - 0x000007fefdc49000 	C:\Windows\system32\MSCTF.dll
0x000000006c690000 - 0x000000006c762000 	C:\Program Files\Java\jdk1.8.0_202\jre\bin\msvcr100.dll
0x000000006ac20000 - 0x000000006b4c5000 	C:\Program Files\Java\jdk1.8.0_202\jre\bin\server\jvm.dll
0x000007fef3e70000 - 0x000007fef3e79000 	C:\Windows\system32\WSOCK32.dll
0x000007fefce60000 - 0x000007fefcead000 	C:\Windows\system32\WS2_32.dll
0x000007fefdb30000 - 0x000007fefdb38000 	C:\Windows\system32\NSI.dll
0x000007fefa560000 - 0x000007fefa59b000 	C:\Windows\system32\WINMM.dll
0x000007fefbb70000 - 0x000007fefbb7c000 	C:\Windows\system32\VERSION.dll
0x00000000770f0000 - 0x00000000770f7000 	C:\Windows\system32\PSAPI.DLL
0x000007fef8260000 - 0x000007fef826f000 	C:\Program Files\Java\jdk1.8.0_202\jre\bin\verify.dll
0x000007fef8230000 - 0x000007fef8259000 	C:\Program Files\Java\jdk1.8.0_202\jre\bin\java.dll
0x000007fef4f20000 - 0x000007fef4f36000 	C:\Program Files\Java\jdk1.8.0_202\jre\bin\zip.dll
0x000007fefe3a0000 - 0x000007feff12b000 	C:\Windows\system32\SHELL32.dll
0x000007fefdf00000 - 0x000007fefe0ff000 	C:\Windows\system32\ole32.dll
0x000007fefca90000 - 0x000007fefca9f000 	C:\Windows\system32\profapi.dll
0x000007fef6a60000 - 0x000007fef6a7a000 	C:\Program Files\Java\jdk1.8.0_202\jre\bin\net.dll
0x000007fefceb0000 - 0x000007fefd038000 	C:\Windows\system32\urlmon.dll
0x000007fefcb00000 - 0x000007fefcb04000 	C:\Windows\system32\api-ms-win-downlevel-ole32-l1-1-0.dll
0x000007fefcb70000 - 0x000007fefcb74000 	C:\Windows\system32\api-ms-win-downlevel-shlwapi-l1-1-0.dll
0x000007fefcab0000 - 0x000007fefcab5000 	C:\Windows\system32\api-ms-win-downlevel-advapi32-l1-1-0.dll
0x000007fefce40000 - 0x000007fefce44000 	C:\Windows\system32\api-ms-win-downlevel-user32-l1-1-0.dll
0x000007fefcb50000 - 0x000007fefcb54000 	C:\Windows\system32\api-ms-win-downlevel-version-l1-1-0.dll
0x000007fefcb60000 - 0x000007fefcb63000 	C:\Windows\system32\api-ms-win-downlevel-normaliz-l1-1-0.dll
0x00000000770e0000 - 0x00000000770e3000 	C:\Windows\system32\normaliz.DLL
0x000007fefd800000 - 0x000007fefdaca000 	C:\Windows\system32\iertutil.dll
0x000007fefd040000 - 0x000007fefd4ec000 	C:\Windows\system32\WININET.dll
0x000007fefce00000 - 0x000007fefce1f000 	C:\Windows\system32\USERENV.dll
0x000007fefc1d0000 - 0x000007fefc225000 	C:\Windows\system32\mswsock.dll
0x000007fefc1c0000 - 0x000007fefc1c7000 	C:\Windows\System32\wship6.dll
0x000007fef4ec0000 - 0x000007fef4ed2000 	C:\Program Files\Java\jdk1.8.0_202\jre\bin\nio.dll
0x000007fef8270000 - 0x000007fef827d000 	C:\Program Files\Java\jdk1.8.0_202\jre\bin\management.dll
0x000007fef9300000 - 0x000007fef9425000 	C:\Windows\system32\dbghelp.dll

VM Arguments:
jvm_args: -Dmaven.home=EMBEDDED -Dclassworlds.conf=E:\workspace_jewels_demo\.metadata\.plugins\org.eclipse.m2e.launching\launches\m2conf6981297271643688916.tmp -Dfile.encoding=Cp1252 
java_command: org.codehaus.plexus.classworlds.launcher.Launcher -B jetty:run
java_class_path (initial): /E:/sts/sts-bundle/sts-3.6.4.RELEASE/plugins/org.eclipse.m2e.maven.runtime_1.5.1.20150109-1819/jars/plexus-classworlds-2.5.1.jar
Launcher Type: SUN_STANDARD

Environment Variables:
PATH=C:/Program Files/Java/jre1.8.0_202/bin/server;C:/Program Files/Java/jre1.8.0_202/bin;C:/Program Files/Java/jre1.8.0_202/lib/amd64;C:\Program Files (x86)\Common Files\Oracle\Java\javapath;C:\Program Files (x86)\Intel\iCLS Client\;C:\Program Files\Intel\iCLS Client\;C:\Windows\system32;C:\Windows;C:\Windows\System32\Wbem;C:\Windows\System32\WindowsPowerShell\v1.0\;C:\Program Files (x86)\Intel\OpenCL SDK\2.0\bin\x86;C:\Program Files (x86)\Intel\OpenCL SDK\2.0\bin\x64;C:\Program Files\Intel\Intel(R) Management Engine Components\DAL;C:\Program Files\Intel\Intel(R) Management Engine Components\IPT;C:\Program Files (x86)\Intel\Intel(R) Management Engine Components\DAL;C:\Program Files (x86)\Intel\Intel(R) Management Engine Components\IPT;C:\Program Files\MySQL\MySQL Utilities 1.6\;C:\Program Files\EasyFrom Inc\;C:\Program Files (x86)\Microsoft SQL Server\100\Tools\Binn\;C:\Program Files (x86)\Microsoft SQL Server\100\DTS\Binn\;C:\Program Files (x86)\Microsoft SQL Server\100\Tools\Binn\VSShell\Common7\IDE\;C:\Program Files\PuTTY\;C:\Program Files\Java\jdk1.8.0_202\bin;E:\sts\sts-bundle\sts-3.6.4.RELEASE;
USERNAME=comp2
OS=Windows_NT
PROCESSOR_IDENTIFIER=Intel64 Family 6 Model 42 Stepping 7, GenuineIntel



---------------  S Y S T E M  ---------------

OS: Windows 7 , 64 bit Build 7601 (6.1.7601.24475)

CPU:total 4 (initial active 4) (2 cores per cpu, 2 threads per core) family 6 model 42 stepping 7, cmov, cx8, fxsr, mmx, sse, sse2, sse3, ssse3, sse4.1, sse4.2, popcnt, avx, clmul, ht, tsc, tscinvbit

Memory: 4k page, physical 8274820k(2573768k free), swap 16547740k(10496788k free)

vm_info: Java HotSpot(TM) 64-Bit Server VM (25.202-b08) for windows-amd64 JRE (1.8.0_202-b08), built on Dec 15 2018 19:54:30 by "java_re" with MS VC++ 10.0 (VS2010)

time: Fri Nov 01 12:59:53 2019
timezone: India Standard Time
elapsed time: 42 seconds (0d 0h 0m 42s)

