#
# A fatal error has been detected by the Java Runtime Environment:
#
#  EXCEPTION_ACCESS_VIOLATION (0xc0000005) at pc=0x0000000056a4c8f8, pid=5144, tid=0x0000000000001a88
#
# JRE version: Java(TM) SE Runtime Environment (8.0_202-b08) (build 1.8.0_202-b08)
# Java VM: Java HotSpot(TM) 64-Bit Server VM (25.202-b08 mixed mode windows-amd64 compressed oops)
# Problematic frame:
# C  0x0000000056a4c8f8
#
# Failed to write core dump. Minidumps are not enabled by default on client versions of Windows
#
# If you would like to submit a bug report, please visit:
#   http://bugreport.java.com/bugreport/crash.jsp
#

---------------  T H R E A D  ---------------

Current thread (0x00000000573bf800):  VMThread [stack: 0x0000000058460000,0x0000000058560000] [id=6792]

siginfo: ExceptionCode=0xc0000005, ExceptionInformation=0x0000000000000008 0x0000000056a4c8f8

Registers:
RAX=0x0000000056a4c8a0, RBX=0x00000000ed963808, RCX=0x0000000016a34208, RDX=0x00000000ed963808
RSP=0x000000005855eda8, RBP=0x00000000000083b0, RSI=0x00000000573bca00, RDI=0x00000000f0c13ff0
R8 =0x0000000000000000, R9 =0x0000000016a34208, R10=0x0000000000000008, R11=0x00000000f162b4c0
R12=0x00000000573be370, R13=0x0000000000004001, R14=0x0000000000000000, R15=0x000000005cd03e90
RIP=0x0000000056a4c8f8, EFLAGS=0x0000000000010246

Top of Stack: (sp=0x000000005855eda8)
0x000000005855eda8:   000000006b0244f2 00000000ed9637f0
0x000000005855edb8:   0000000000000003 00000000573bca00
0x000000005855edc8:   0000000000000000 00000000f16234d0
0x000000005855edd8:   000000006b024c3b 000000005855ee30
0x000000005855ede8:   0000000000000000 0000000000000000
0x000000005855edf8:   000000005cd03a01 00000000573be370
0x000000005855ee08:   000000006b024860 00000000f16246ac
0x000000005855ee18:   00000000000083b0 00000000573bca00
0x000000005855ee28:   00000000f0c13ff0 00000000f16246ac
0x000000005855ee38:   000000006b025235 00000000ed9baa08
0x000000005855ee48:   00000000000083b0 00000000573bca00
0x000000005855ee58:   000000006b024771 00000000f09a2598
0x000000005855ee68:   0000000000000007 00000000573bca00
0x000000005855ee78:   0000000000000000 00000000f0d3b4d0
0x000000005855ee88:   0000000000001000 0000000000000000
0x000000005855ee98:   0000000000000000 0000000000000000 

Instructions: (pc=0x0000000056a4c8f8)
0x0000000056a4c8d8:   e0 a2 31 57 00 00 00 00 b0 6c 7e 02 00 00 00 00
0x0000000056a4c8e8:   00 00 00 00 00 00 00 00 60 40 7b 02 00 00 00 00
0x0000000056a4c8f8:   00 00 00 00 00 00 00 80 90 a8 a4 56 00 00 00 00
0x0000000056a4c908:   00 00 00 00 00 00 00 00 11 00 00 00 01 00 0e 00 


Register to memory mapping:

RAX={method} {0x0000000056a4c8a8} 'writeObject' '(Ljava/io/ObjectOutputStream;)V' in 'java/lang/Throwable'
RBX=0x00000000ed963808 is an oop

[error occurred during error reporting (printing register info), id 0xc0000005]

Stack: [0x0000000058460000,0x0000000058560000],  sp=0x000000005855eda8,  free space=1019k
Native frames: (J=compiled Java code, j=interpreted, Vv=VM code, C=native code)
C  0x0000000056a4c8f8

VM_Operation (0x000000005b4de9c0): ParallelGCFailedAllocation, mode: safepoint, requested by thread 0x000000005d826000


---------------  P R O C E S S  ---------------

Java Threads: ( => current thread )
  0x000000005a984800 JavaThread "qtp878139070-20" [_thread_blocked, id=3356, stack(0x0000000060a40000,0x0000000060b40000)]
  0x000000005a984000 JavaThread "qtp878139070-19" [_thread_blocked, id=6744, stack(0x00000000604d0000,0x00000000605d0000)]
  0x000000005a983000 JavaThread "qtp878139070-18" [_thread_blocked, id=6844, stack(0x00000000607c0000,0x00000000608c0000)]
  0x000000005a982800 JavaThread "qtp878139070-17" [_thread_blocked, id=3172, stack(0x00000000595b0000,0x00000000596b0000)]
  0x000000005a981800 JavaThread "qtp878139070-16" [_thread_blocked, id=1788, stack(0x0000000060610000,0x0000000060710000)]
  0x000000005a6ee800 JavaThread "qtp878139070-15" [_thread_blocked, id=3140, stack(0x000000005f370000,0x000000005f470000)]
  0x0000000059b18800 JavaThread "qtp878139070-14" [_thread_blocked, id=4848, stack(0x000000005f1b0000,0x000000005f2b0000)]
  0x000000005d826000 JavaThread "qtp878139070-13" [_thread_blocked, id=3932, stack(0x000000005b3e0000,0x000000005b4e0000)]
  0x000000005895d000 JavaThread "Service Thread" daemon [_thread_blocked, id=5216, stack(0x0000000059470000,0x0000000059570000)]
  0x000000005742f000 JavaThread "C1 CompilerThread2" daemon [_thread_blocked, id=3028, stack(0x0000000059050000,0x0000000059150000)]
  0x0000000057426000 JavaThread "C2 CompilerThread1" daemon [_thread_blocked, id=5976, stack(0x0000000059300000,0x0000000059400000)]
  0x00000000588e4000 JavaThread "C2 CompilerThread0" daemon [_thread_blocked, id=2784, stack(0x0000000059190000,0x0000000059290000)]
  0x00000000588e1000 JavaThread "Attach Listener" daemon [_thread_blocked, id=1820, stack(0x0000000058f30000,0x0000000059030000)]
  0x00000000588e0800 JavaThread "Signal Dispatcher" daemon [_thread_blocked, id=3976, stack(0x0000000058da0000,0x0000000058ea0000)]
  0x000000005740d800 JavaThread "Finalizer" daemon [_thread_blocked, id=5388, stack(0x00000000587e0000,0x00000000588e0000)]
  0x0000000057406800 JavaThread "Reference Handler" daemon [_thread_blocked, id=4972, stack(0x0000000058590000,0x0000000058690000)]
  0x000000000041f000 JavaThread "main" [_thread_blocked, id=7052, stack(0x0000000002310000,0x0000000002410000)]

Other Threads:
=>0x00000000573bf800 VMThread [stack: 0x0000000058460000,0x0000000058560000] [id=6792]
  0x0000000058980800 WatcherThread [stack: 0x0000000059710000,0x0000000059810000] [id=6856]

VM state:at safepoint (normal execution)

VM Mutex/Monitor currently owned by a thread:  ([mutex/lock_event])
[0x000000000041d530] Threads_lock - owner thread: 0x00000000573bf800
[0x000000000041da30] Heap_lock - owner thread: 0x000000005d826000

heap address: 0x0000000081a00000, size: 2022 MB, Compressed Oops mode: 32-bit
Narrow klass base: 0x0000000000000000, Narrow klass shift: 0
Compressed class space size: 1073741824 Address: 0x0000000016a30000

Heap:
 PSYoungGen      total 563712K, used 526816K [0x00000000d5e00000, 0x00000000ffd00000, 0x0000000100000000)
  eden space 440320K, 100% used [0x00000000d5e00000,0x00000000f0c00000,0x00000000f0c00000)
  from space 123392K, 70% used [0x00000000f8380000,0x00000000fd7f8198,0x00000000ffc00000)
  to   space 122368K, 8% used [0x00000000f0c00000,0x00000000f162b4d0,0x00000000f8380000)
 ParOldGen       total 235008K, used 175185K [0x0000000081a00000, 0x000000008ff80000, 0x00000000d5e00000)
  object space 235008K, 74% used [0x0000000081a00000,0x000000008c514618,0x000000008ff80000)
 Metaspace       used 27939K, capacity 28504K, committed 28800K, reserved 1075200K
  class space    used 2997K, capacity 3167K, committed 3200K, reserved 1048576K

Card table byte_map: [0x0000000011b60000,0x0000000011f60000] byte_map_base: 0x0000000011753000

Marking Bits: (ParMarkBitMap*) 0x000000006b445ce0
 Begin Bits: [0x0000000012700000, 0x0000000014698000)
 End Bits:   [0x0000000014698000, 0x0000000016630000)

Polling page: 0x0000000000320000

CodeCache: size=245760Kb used=27346Kb max_used=27550Kb free=218413Kb
 bounds [0x00000000027a0000, 0x00000000042b0000, 0x00000000117a0000]
 total_blobs=7175 nmethods=6790 adapters=297
 compilation: enabled

Compilation events (10 events):
Event: 35.854 Thread 0x00000000588e4000 9682       4       java.math.BigInteger::trustedStripLeadingZeroInts (37 bytes)
Event: 35.854 Thread 0x00000000588e4000 nmethod 9682 0x0000000003620d50 code [0x0000000003620e80, 0x0000000003620f18]
Event: 35.989 Thread 0x000000005742f000 9683       3       java.util.regex.Pattern::compile (406 bytes)
Event: 35.992 Thread 0x000000005742f000 nmethod 9683 0x0000000003510990 code [0x0000000003510d40, 0x0000000003512f48]
Event: 35.997 Thread 0x000000005742f000 9684       3       java.util.regex.Pattern::<init> (90 bytes)
Event: 35.997 Thread 0x000000005742f000 nmethod 9684 0x00000000029ef310 code [0x00000000029ef4e0, 0x00000000029efd58]
Event: 36.100 Thread 0x000000005742f000 9685       3       java.util.regex.Pattern$SliceNode::study (37 bytes)
Event: 36.100 Thread 0x000000005742f000 nmethod 9685 0x00000000034785d0 code [0x0000000003478740, 0x0000000003478988]
Event: 36.770 Thread 0x0000000057426000 9686       4       java.math.BigInteger::getInt (63 bytes)
Event: 36.771 Thread 0x0000000057426000 nmethod 9686 0x0000000003510590 code [0x00000000035106e0, 0x00000000035107d8]

GC Heap History (10 events):
Event: 34.118 GC heap after
Heap after GC invocations=30 (full 2):
 PSYoungGen      total 550400K, used 79693K [0x00000000d5e00000, 0x00000000ff680000, 0x0000000100000000)
  eden space 418304K, 0% used [0x00000000d5e00000,0x00000000d5e00000,0x00000000ef680000)
  from space 132096K, 60% used [0x00000000f7480000,0x00000000fc2534d0,0x00000000ff580000)
  to   space 129024K, 0% used [0x00000000ef680000,0x00000000ef680000,0x00000000f7480000)
 ParOldGen       total 235008K, used 166455K [0x0000000081a00000, 0x000000008ff80000, 0x00000000d5e00000)
  object space 235008K, 70% used [0x0000000081a00000,0x000000008bc8dc60,0x000000008ff80000)
 Metaspace       used 27939K, capacity 28504K, committed 28800K, reserved 1075200K
  class space    used 2997K, capacity 3167K, committed 3200K, reserved 1048576K
}
Event: 34.562 GC heap before
{Heap before GC invocations=31 (full 2):
 PSYoungGen      total 550400K, used 497997K [0x00000000d5e00000, 0x00000000ff680000, 0x0000000100000000)
  eden space 418304K, 100% used [0x00000000d5e00000,0x00000000ef680000,0x00000000ef680000)
  from space 132096K, 60% used [0x00000000f7480000,0x00000000fc2534d0,0x00000000ff580000)
  to   space 129024K, 0% used [0x00000000ef680000,0x00000000ef680000,0x00000000f7480000)
 ParOldGen       total 235008K, used 166455K [0x0000000081a00000, 0x000000008ff80000, 0x00000000d5e00000)
  object space 235008K, 70% used [0x0000000081a00000,0x000000008bc8dc60,0x000000008ff80000)
 Metaspace       used 27939K, capacity 28504K, committed 28800K, reserved 1075200K
  class space    used 2997K, capacity 3167K, committed 3200K, reserved 1048576K
Event: 34.704 GC heap after
Heap after GC invocations=31 (full 2):
 PSYoungGen      total 547328K, used 82893K [0x00000000d5e00000, 0x00000000ff800000, 0x0000000100000000)
  eden space 418304K, 0% used [0x00000000d5e00000,0x00000000d5e00000,0x00000000ef680000)
  from space 129024K, 64% used [0x00000000ef680000,0x00000000f47734d0,0x00000000f7480000)
  to   space 126464K, 0% used [0x00000000f7c80000,0x00000000f7c80000,0x00000000ff800000)
 ParOldGen       total 235008K, used 167925K [0x0000000081a00000, 0x000000008ff80000, 0x00000000d5e00000)
  object space 235008K, 71% used [0x0000000081a00000,0x000000008bdfd6f8,0x000000008ff80000)
 Metaspace       used 27939K, capacity 28504K, committed 28800K, reserved 1075200K
  class space    used 2997K, capacity 3167K, committed 3200K, reserved 1048576K
}
Event: 35.103 GC heap before
{Heap before GC invocations=32 (full 2):
 PSYoungGen      total 547328K, used 501197K [0x00000000d5e00000, 0x00000000ff800000, 0x0000000100000000)
  eden space 418304K, 100% used [0x00000000d5e00000,0x00000000ef680000,0x00000000ef680000)
  from space 129024K, 64% used [0x00000000ef680000,0x00000000f47734d0,0x00000000f7480000)
  to   space 126464K, 0% used [0x00000000f7c80000,0x00000000f7c80000,0x00000000ff800000)
 ParOldGen       total 235008K, used 167925K [0x0000000081a00000, 0x000000008ff80000, 0x00000000d5e00000)
  object space 235008K, 71% used [0x0000000081a00000,0x000000008bdfd6f8,0x000000008ff80000)
 Metaspace       used 27939K, capacity 28504K, committed 28800K, reserved 1075200K
  class space    used 2997K, capacity 3167K, committed 3200K, reserved 1048576K
Event: 35.242 GC heap after
Heap after GC invocations=32 (full 2):
 PSYoungGen      total 557568K, used 83070K [0x00000000d5e00000, 0x00000000ff980000, 0x0000000100000000)
  eden space 431104K, 0% used [0x00000000d5e00000,0x00000000d5e00000,0x00000000f0300000)
  from space 126464K, 65% used [0x00000000f7c80000,0x00000000fcd9f9b0,0x00000000ff800000)
  to   space 124416K, 0% used [0x00000000f0300000,0x00000000f0300000,0x00000000f7c80000)
 ParOldGen       total 235008K, used 169181K [0x0000000081a00000, 0x000000008ff80000, 0x00000000d5e00000)
  object space 235008K, 71% used [0x0000000081a00000,0x000000008bf37728,0x000000008ff80000)
 Metaspace       used 27939K, capacity 28504K, committed 28800K, reserved 1075200K
  class space    used 2997K, capacity 3167K, committed 3200K, reserved 1048576K
}
Event: 35.653 GC heap before
{Heap before GC invocations=33 (full 2):
 PSYoungGen      total 557568K, used 514174K [0x00000000d5e00000, 0x00000000ff980000, 0x0000000100000000)
  eden space 431104K, 100% used [0x00000000d5e00000,0x00000000f0300000,0x00000000f0300000)
  from space 126464K, 65% used [0x00000000f7c80000,0x00000000fcd9f9b0,0x00000000ff800000)
  to   space 124416K, 0% used [0x00000000f0300000,0x00000000f0300000,0x00000000f7c80000)
 ParOldGen       total 235008K, used 169181K [0x0000000081a00000, 0x000000008ff80000, 0x00000000d5e00000)
  object space 235008K, 71% used [0x0000000081a00000,0x000000008bf37728,0x000000008ff80000)
 Metaspace       used 27939K, capacity 28504K, committed 28800K, reserved 1075200K
  class space    used 2997K, capacity 3167K, committed 3200K, reserved 1048576K
Event: 35.797 GC heap after
Heap after GC invocations=33 (full 2):
 PSYoungGen      total 555520K, used 85632K [0x00000000d5e00000, 0x00000000ffc00000, 0x0000000100000000)
  eden space 431104K, 0% used [0x00000000d5e00000,0x00000000d5e00000,0x00000000f0300000)
  from space 124416K, 68% used [0x00000000f0300000,0x00000000f56a00d0,0x00000000f7c80000)
  to   space 123392K, 0% used [0x00000000f8380000,0x00000000f8380000,0x00000000ffc00000)
 ParOldGen       total 235008K, used 171613K [0x0000000081a00000, 0x000000008ff80000, 0x00000000d5e00000)
  object space 235008K, 73% used [0x0000000081a00000,0x000000008c197798,0x000000008ff80000)
 Metaspace       used 27939K, capacity 28504K, committed 28800K, reserved 1075200K
  class space    used 2997K, capacity 3167K, committed 3200K, reserved 1048576K
}
Event: 36.210 GC heap before
{Heap before GC invocations=34 (full 2):
 PSYoungGen      total 555520K, used 516736K [0x00000000d5e00000, 0x00000000ffc00000, 0x0000000100000000)
  eden space 431104K, 100% used [0x00000000d5e00000,0x00000000f0300000,0x00000000f0300000)
  from space 124416K, 68% used [0x00000000f0300000,0x00000000f56a00d0,0x00000000f7c80000)
  to   space 123392K, 0% used [0x00000000f8380000,0x00000000f8380000,0x00000000ffc00000)
 ParOldGen       total 235008K, used 171613K [0x0000000081a00000, 0x000000008ff80000, 0x00000000d5e00000)
  object space 235008K, 73% used [0x0000000081a00000,0x000000008c197798,0x000000008ff80000)
 Metaspace       used 27939K, capacity 28504K, committed 28800K, reserved 1075200K
  class space    used 2997K, capacity 3167K, committed 3200K, reserved 1048576K
Event: 36.365 GC heap after
Heap after GC invocations=34 (full 2):
 PSYoungGen      total 563712K, used 86496K [0x00000000d5e00000, 0x00000000ffd00000, 0x0000000100000000)
  eden space 440320K, 0% used [0x00000000d5e00000,0x00000000d5e00000,0x00000000f0c00000)
  from space 123392K, 70% used [0x00000000f8380000,0x00000000fd7f8198,0x00000000ffc00000)
  to   space 122368K, 0% used [0x00000000f0c00000,0x00000000f0c00000,0x00000000f8380000)
 ParOldGen       total 235008K, used 173301K [0x0000000081a00000, 0x000000008ff80000, 0x00000000d5e00000)
  object space 235008K, 73% used [0x0000000081a00000,0x000000008c33d5b8,0x000000008ff80000)
 Metaspace       used 27939K, capacity 28504K, committed 28800K, reserved 1075200K
  class space    used 2997K, capacity 3167K, committed 3200K, reserved 1048576K
}
Event: 36.773 GC heap before
{Heap before GC invocations=35 (full 2):
 PSYoungGen      total 563712K, used 526816K [0x00000000d5e00000, 0x00000000ffd00000, 0x0000000100000000)
  eden space 440320K, 100% used [0x00000000d5e00000,0x00000000f0c00000,0x00000000f0c00000)
  from space 123392K, 70% used [0x00000000f8380000,0x00000000fd7f8198,0x00000000ffc00000)
  to   space 122368K, 0% used [0x00000000f0c00000,0x00000000f0c00000,0x00000000f8380000)
 ParOldGen       total 235008K, used 173301K [0x0000000081a00000, 0x000000008ff80000, 0x00000000d5e00000)
  object space 235008K, 73% used [0x0000000081a00000,0x000000008c33d5b8,0x000000008ff80000)
 Metaspace       used 27939K, capacity 28504K, committed 28800K, reserved 1075200K
  class space    used 2997K, capacity 3167K, committed 3200K, reserved 1048576K

Deoptimization events (10 events):
Event: 25.477 Thread 0x000000005a981800 Uncommon trap: reason=unstable_if action=reinterpret pc=0x00000000030364a0 method=java.util.jar.JarFile.maybeInstantiateVerifier()V @ 75
Event: 25.487 Thread 0x000000005a981800 Uncommon trap: reason=bimorphic action=maybe_recompile pc=0x0000000003d228e4 method=java.io.FilterInputStream.available()I @ 4
Event: 25.487 Thread 0x000000005a981800 Uncommon trap: reason=bimorphic action=maybe_recompile pc=0x00000000031536e4 method=java.io.FilterInputStream.read()I @ 4
Event: 25.487 Thread 0x000000005a981800 Uncommon trap: reason=unstable_if action=reinterpret pc=0x000000000306fe04 method=java.util.jar.JarFile.maybeInstantiateVerifier()V @ 75
Event: 25.496 Thread 0x000000005a981800 Uncommon trap: reason=bimorphic action=maybe_recompile pc=0x0000000003d228e4 method=java.io.FilterInputStream.available()I @ 4
Event: 25.496 Thread 0x000000005a981800 Uncommon trap: reason=bimorphic action=maybe_recompile pc=0x00000000031536e4 method=java.io.FilterInputStream.read()I @ 4
Event: 25.506 Thread 0x000000005a981800 Uncommon trap: reason=bimorphic action=maybe_recompile pc=0x000000000362005c method=java.io.FilterInputStream.available()I @ 4
Event: 25.738 Thread 0x000000005a984000 Uncommon trap: reason=unstable_if action=reinterpret pc=0x0000000002d19100 method=java.util.jar.JarInputStream.getNextEntry()Ljava/util/zip/ZipEntry; @ 74
Event: 26.257 Thread 0x000000005740d800 Uncommon trap: reason=unstable_if action=reinterpret pc=0x000000000368d0fc method=java.util.WeakHashMap.size()I @ 4
Event: 28.619 Thread 0x000000005a982800 Uncommon trap: reason=bimorphic action=maybe_recompile pc=0x00000000032b7bf0 method=java.io.FilterInputStream.available()I @ 4

Classes redefined (0 events):
No events

Internal exceptions (10 events):
Event: 22.297 Thread 0x000000000041f000 Exception <a 'java/lang/ClassNotFoundException': sun/net/www/protocol/c/Handler> (0x00000000dc909788) thrown at [C:\re\workspace\8-2-build-windows-amd64-cygwin\jdk8u202\12323\hotspot\src\share\vm\classfile\systemDictionary.cpp, line 210]
Event: 22.298 Thread 0x000000000041f000 Exception <a 'java/lang/ClassNotFoundException': sun/net/www/protocol/c/Handler> (0x00000000dc90b758) thrown at [C:\re\workspace\8-2-build-windows-amd64-cygwin\jdk8u202\12323\hotspot\src\share\vm\classfile\systemDictionary.cpp, line 210]
Event: 22.298 Thread 0x000000000041f000 Exception <a 'java/lang/ClassNotFoundException': sun/net/www/protocol/c/Handler> (0x00000000dc90d828) thrown at [C:\re\workspace\8-2-build-windows-amd64-cygwin\jdk8u202\12323\hotspot\src\share\vm\classfile\systemDictionary.cpp, line 210]
Event: 22.298 Thread 0x000000000041f000 Exception <a 'java/lang/ClassNotFoundException': sun/net/www/protocol/c/Handler> (0x00000000dc90f848) thrown at [C:\re\workspace\8-2-build-windows-amd64-cygwin\jdk8u202\12323\hotspot\src\share\vm\classfile\systemDictionary.cpp, line 210]
Event: 22.298 Thread 0x000000000041f000 Exception <a 'java/lang/ClassNotFoundException': sun/net/www/protocol/c/Handler> (0x00000000dc911790) thrown at [C:\re\workspace\8-2-build-windows-amd64-cygwin\jdk8u202\12323\hotspot\src\share\vm\classfile\systemDictionary.cpp, line 210]
Event: 22.298 Thread 0x000000000041f000 Exception <a 'java/lang/ClassNotFoundException': sun/net/www/protocol/c/Handler> (0x00000000dc9137d8) thrown at [C:\re\workspace\8-2-build-windows-amd64-cygwin\jdk8u202\12323\hotspot\src\share\vm\classfile\systemDictionary.cpp, line 210]
Event: 22.299 Thread 0x000000000041f000 Exception <a 'java/lang/ClassNotFoundException': sun/net/www/protocol/c/Handler> (0x00000000dc9158e0) thrown at [C:\re\workspace\8-2-build-windows-amd64-cygwin\jdk8u202\12323\hotspot\src\share\vm\classfile\systemDictionary.cpp, line 210]
Event: 22.299 Thread 0x000000000041f000 Exception <a 'java/lang/ClassNotFoundException': sun/net/www/protocol/c/Handler> (0x00000000dc9177f0) thrown at [C:\re\workspace\8-2-build-windows-amd64-cygwin\jdk8u202\12323\hotspot\src\share\vm\classfile\systemDictionary.cpp, line 210]
Event: 22.364 Thread 0x0000000059b18800 Implicit null exception at 0x0000000002c5513c to 0x0000000002c558f9
Event: 22.366 Thread 0x000000005d826000 Implicit null exception at 0x00000000029b6a80 to 0x00000000029b7149

Events (10 events):
Event: 34.118 Executing VM operation: ParallelGCFailedAllocation done
Event: 34.562 Executing VM operation: ParallelGCFailedAllocation
Event: 34.704 Executing VM operation: ParallelGCFailedAllocation done
Event: 35.103 Executing VM operation: ParallelGCFailedAllocation
Event: 35.242 Executing VM operation: ParallelGCFailedAllocation done
Event: 35.653 Executing VM operation: ParallelGCFailedAllocation
Event: 35.797 Executing VM operation: ParallelGCFailedAllocation done
Event: 36.210 Executing VM operation: ParallelGCFailedAllocation
Event: 36.365 Executing VM operation: ParallelGCFailedAllocation done
Event: 36.773 Executing VM operation: ParallelGCFailedAllocation


Dynamic libraries:
0x000000013f1e0000 - 0x000000013f217000 	C:\Program Files\Java\jdk1.8.0_202\bin\javaw.exe
0x0000000076f40000 - 0x00000000770df000 	C:\Windows\SYSTEM32\ntdll.dll
0x0000000076e20000 - 0x0000000076f3f000 	C:\Windows\system32\kernel32.dll
0x000007fefcd90000 - 0x000007fefcdf7000 	C:\Windows\system32\KERNELBASE.dll
0x000007fefe1a0000 - 0x000007fefe27b000 	C:\Windows\system32\ADVAPI32.dll
0x000007fefe100000 - 0x000007fefe19f000 	C:\Windows\system32\msvcrt.dll
0x000007fefd4f0000 - 0x000007fefd50f000 	C:\Windows\SYSTEM32\sechost.dll
0x000007fefd5c0000 - 0x000007fefd6ec000 	C:\Windows\system32\RPCRT4.dll
0x0000000076d20000 - 0x0000000076e1a000 	C:\Windows\system32\USER32.dll
0x000007fefd6f0000 - 0x000007fefd757000 	C:\Windows\system32\GDI32.dll
0x000007fefce50000 - 0x000007fefce5e000 	C:\Windows\system32\LPK.dll
0x000007fefde30000 - 0x000007fefdefb000 	C:\Windows\system32\USP10.dll
0x000007fefb0a0000 - 0x000007fefb295000 	C:\Windows\WinSxS\amd64_microsoft.windows.common-controls_6595b64144ccf1df_6.0.7601.24460_none_e3711c5330fd38b4\COMCTL32.dll
0x000007fefe280000 - 0x000007fefe2f1000 	C:\Windows\system32\SHLWAPI.dll
0x000007fefd510000 - 0x000007fefd53e000 	C:\Windows\system32\IMM32.DLL
0x000007fefdb40000 - 0x000007fefdc49000 	C:\Windows\system32\MSCTF.dll
0x000000006c690000 - 0x000000006c762000 	C:\Program Files\Java\jdk1.8.0_202\jre\bin\msvcr100.dll
0x000000006ac20000 - 0x000000006b4c5000 	C:\Program Files\Java\jdk1.8.0_202\jre\bin\server\jvm.dll
0x000007fef3e70000 - 0x000007fef3e79000 	C:\Windows\system32\WSOCK32.dll
0x000007fefce60000 - 0x000007fefcead000 	C:\Windows\system32\WS2_32.dll
0x000007fefdb30000 - 0x000007fefdb38000 	C:\Windows\system32\NSI.dll
0x000007fefa560000 - 0x000007fefa59b000 	C:\Windows\system32\WINMM.dll
0x000007fefbb70000 - 0x000007fefbb7c000 	C:\Windows\system32\VERSION.dll
0x00000000770f0000 - 0x00000000770f7000 	C:\Windows\system32\PSAPI.DLL
0x000007fef8360000 - 0x000007fef836f000 	C:\Program Files\Java\jdk1.8.0_202\jre\bin\verify.dll
0x000007fef4f10000 - 0x000007fef4f39000 	C:\Program Files\Java\jdk1.8.0_202\jre\bin\java.dll
0x000007fef6a60000 - 0x000007fef6a76000 	C:\Program Files\Java\jdk1.8.0_202\jre\bin\zip.dll
0x000007fefe3a0000 - 0x000007feff12b000 	C:\Windows\system32\SHELL32.dll
0x000007fefdf00000 - 0x000007fefe0ff000 	C:\Windows\system32\ole32.dll
0x000007fefca90000 - 0x000007fefca9f000 	C:\Windows\system32\profapi.dll
0x000007fef8260000 - 0x000007fef827a000 	C:\Program Files\Java\jdk1.8.0_202\jre\bin\net.dll
0x000007fefceb0000 - 0x000007fefd038000 	C:\Windows\system32\urlmon.dll
0x000007fefcb00000 - 0x000007fefcb04000 	C:\Windows\system32\api-ms-win-downlevel-ole32-l1-1-0.dll
0x000007fefcb70000 - 0x000007fefcb74000 	C:\Windows\system32\api-ms-win-downlevel-shlwapi-l1-1-0.dll
0x000007fefcab0000 - 0x000007fefcab5000 	C:\Windows\system32\api-ms-win-downlevel-advapi32-l1-1-0.dll
0x000007fefce40000 - 0x000007fefce44000 	C:\Windows\system32\api-ms-win-downlevel-user32-l1-1-0.dll
0x000007fefcb50000 - 0x000007fefcb54000 	C:\Windows\system32\api-ms-win-downlevel-version-l1-1-0.dll
0x000007fefcb60000 - 0x000007fefcb63000 	C:\Windows\system32\api-ms-win-downlevel-normaliz-l1-1-0.dll
0x00000000770e0000 - 0x00000000770e3000 	C:\Windows\system32\normaliz.DLL
0x000007fefd800000 - 0x000007fefdaca000 	C:\Windows\system32\iertutil.dll
0x000007fefd040000 - 0x000007fefd4ec000 	C:\Windows\system32\WININET.dll
0x000007fefce00000 - 0x000007fefce1f000 	C:\Windows\system32\USERENV.dll
0x000007fefc1d0000 - 0x000007fefc225000 	C:\Windows\system32\mswsock.dll
0x000007fefc1c0000 - 0x000007fefc1c7000 	C:\Windows\System32\wship6.dll
0x000007fef4ec0000 - 0x000007fef4ed2000 	C:\Program Files\Java\jdk1.8.0_202\jre\bin\nio.dll
0x000007fefb3f0000 - 0x000007fefb3fd000 	C:\Program Files\Java\jdk1.8.0_202\jre\bin\management.dll
0x000007fef9300000 - 0x000007fef9425000 	C:\Windows\system32\dbghelp.dll

VM Arguments:
jvm_args: -Dmaven.home=EMBEDDED -Dclassworlds.conf=E:\workspace_jewels_demo\.metadata\.plugins\org.eclipse.m2e.launching\launches\m2conf2314441880726477327.tmp -Dfile.encoding=Cp1252 
java_command: org.codehaus.plexus.classworlds.launcher.Launcher -B jetty:run
java_class_path (initial): /E:/sts/sts-bundle/sts-3.6.4.RELEASE/plugins/org.eclipse.m2e.maven.runtime_1.5.1.20150109-1819/jars/plexus-classworlds-2.5.1.jar
Launcher Type: SUN_STANDARD

Environment Variables:
PATH=C:/Program Files/Java/jre1.8.0_202/bin/server;C:/Program Files/Java/jre1.8.0_202/bin;C:/Program Files/Java/jre1.8.0_202/lib/amd64;C:\Program Files (x86)\Common Files\Oracle\Java\javapath;C:\Program Files (x86)\Intel\iCLS Client\;C:\Program Files\Intel\iCLS Client\;C:\Windows\system32;C:\Windows;C:\Windows\System32\Wbem;C:\Windows\System32\WindowsPowerShell\v1.0\;C:\Program Files (x86)\Intel\OpenCL SDK\2.0\bin\x86;C:\Program Files (x86)\Intel\OpenCL SDK\2.0\bin\x64;C:\Program Files\Intel\Intel(R) Management Engine Components\DAL;C:\Program Files\Intel\Intel(R) Management Engine Components\IPT;C:\Program Files (x86)\Intel\Intel(R) Management Engine Components\DAL;C:\Program Files (x86)\Intel\Intel(R) Management Engine Components\IPT;C:\Program Files\MySQL\MySQL Utilities 1.6\;C:\Program Files\EasyFrom Inc\;C:\Program Files (x86)\Microsoft SQL Server\100\Tools\Binn\;C:\Program Files (x86)\Microsoft SQL Server\100\DTS\Binn\;C:\Program Files (x86)\Microsoft SQL Server\100\Tools\Binn\VSShell\Common7\IDE\;C:\Program Files\PuTTY\;C:\Program Files\Java\jdk1.8.0_202\bin;E:\sts\sts-bundle\sts-3.6.4.RELEASE;
USERNAME=comp2
OS=Windows_NT
PROCESSOR_IDENTIFIER=Intel64 Family 6 Model 42 Stepping 7, GenuineIntel



---------------  S Y S T E M  ---------------

OS: Windows 7 , 64 bit Build 7601 (6.1.7601.24475)

CPU:total 4 (initial active 4) (2 cores per cpu, 2 threads per core) family 6 model 42 stepping 7, cmov, cx8, fxsr, mmx, sse, sse2, sse3, ssse3, sse4.1, sse4.2, popcnt, avx, clmul, ht, tsc, tscinvbit

Memory: 4k page, physical 8274820k(2958716k free), swap 16547740k(10847084k free)

vm_info: Java HotSpot(TM) 64-Bit Server VM (25.202-b08) for windows-amd64 JRE (1.8.0_202-b08), built on Dec 15 2018 19:54:30 by "java_re" with MS VC++ 10.0 (VS2010)

time: Fri Nov 01 12:29:36 2019
timezone: India Standard Time
elapsed time: 36 seconds (0d 0h 0m 36s)

